[Mon Mar 06 23:11:39.608383 2023] [ssl:warn] [pid 12576:tid 644] AH01909: www.example.com:443:0 server certificate does NOT include an ID which matches the server name
PHP:  syntax error, unexpected '(' in D:\xampp-windows-x64-7-3-30-0-VC15-installer (1).exe\xampp\php\php.ini on line 729
OT include an ID which matches the server name
[Mon Mar 06 23:11:40.308210 2023] [mpm_winnt:notice] [pid 12576:tid 644] AH00455: Apache/2.4.48 (Win64) OpenSSL/1.1.1l PHP/7.3.30 configured -- resuming normal operations
[Mon Mar 06 23:11:40.308210 2023] [mpm_winnt:notice] [pid 12576:tid 644] AH00456: Apache Lounge VC15 Server built: Aug 26 2021 11:15:15
[Mon Mar 06 23:11:40.308210 2023] [core:notice] [pid 12576:tid 644] AH00094: Command line: 'd:\\xampp-windows-x64-7-3-30-0-vc15-installer (1).exe\\xampp\\apache\\bin\\httpd.exe -d D:/xampp-windows-x64-7-3-30-0-VC15-installer (1).exe/xampp/apache'
[Mon Mar 06 23:11:40.318296 2023] [mpm_winnt:notice] [pid 12576:tid 644] AH00418: Parent: Created child process 2028
[Mon Mar 06 23:11:40.808024 2023] [ssl:warn] [pid 2028:tid 620] AH01909: www.example.com:443:0 server certificate does NOT include an ID which matches the server name
PHP:  syntax error, unexpected '(' in D:\xampp-windows-x64-7-3-30-0-VC15-installer (1).exe\xampp\php\php.ini on line 729
T include an ID which matches the server name
[Mon Mar 06 23:11:40.953284 2023] [mpm_winnt:notice] [pid 2028:tid 620] AH00354: Child: Starting 150 worker threads.
[Mon Mar 06 23:19:16.038791 2023] [php7:warn] [pid 2028:tid 1904] [client ::1:50026] PHP Warning:  require(page/trangchu.php): failed to open stream: No such file or directory in D:\\xampp-windows-x64-7-3-30-0-VC15-installer (1).exe\\xampp\\htdocs\\header-demo\\index.php on line 48
[Mon Mar 06 23:19:16.038791 2023] [php7:error] [pid 2028:tid 1904] [client ::1:50026] PHP Fatal error:  require(): Failed opening required 'page/trangchu.php' (include_path='D:\\xampp-windows-x64-7-3-30-0-VC15-installer ') in D:\\xampp-windows-x64-7-3-30-0-VC15-installer (1).exe\\xampp\\htdocs\\header-demo\\index.php on line 48
[Tue Mar 07 07:32:58.408313 2023] [ssl:warn] [pid 9720:tid 584] AH01909: www.example.com:443:0 server certificate does NOT include an ID which matches the server name
[Tue Mar 07 07:32:58.550985 2023] [core:warn] [pid 9720:tid 584] AH00098: pid file D:/xampp-windows-x64-7-3-30-0-VC15-installer (1).exe/xampp/apache/logs/httpd.pid overwritten -- Unclean shutdown of previous Apache run?
PHP:  syntax error, unexpected '(' in D:\xampp-windows-x64-7-3-30-0-VC15-installer (1).exe\xampp\php\php.ini on line 729
T include an ID which matches the server name
[Tue Mar 07 07:32:58.587946 2023] [mpm_winnt:notice] [pid 9720:tid 584] AH00455: Apache/2.4.48 (Win64) OpenSSL/1.1.1l PHP/7.3.30 configured -- resuming normal operations
[Tue Mar 07 07:32:58.587946 2023] [mpm_winnt:notice] [pid 9720:tid 584] AH00456: Apache Lounge VC15 Server built: Aug 26 2021 11:15:15
[Tue Mar 07 07:32:58.587946 2023] [core:notice] [pid 9720:tid 584] AH00094: Command line: 'd:\\xampp-windows-x64-7-3-30-0-vc15-installer (1).exe\\xampp\\apache\\bin\\httpd.exe -d D:/xampp-windows-x64-7-3-30-0-VC15-installer (1).exe/xampp/apache'
[Tue Mar 07 07:32:58.594689 2023] [mpm_winnt:notice] [pid 9720:tid 584] AH00418: Parent: Created child process 13380
[Tue Mar 07 07:32:59.478802 2023] [ssl:warn] [pid 13380:tid 612] AH01909: www.example.com:443:0 server certificate does NOT include an ID which matches the server name
PHP:  syntax error, unexpected '(' in D:\xampp-windows-x64-7-3-30-0-VC15-installer (1).exe\xampp\php\php.ini on line 729
OT include an ID which matches the server name
[Tue Mar 07 07:32:59.648541 2023] [mpm_winnt:notice] [pid 13380:tid 612] AH00354: Child: Starting 150 worker threads.
[Mon Mar 13 20:29:02.157632 2023] [ssl:warn] [pid 16988:tid 468] AH01909: www.example.com:443:0 server certificate does NOT include an ID which matches the server name
[Mon Mar 13 20:29:02.286880 2023] [core:warn] [pid 16988:tid 468] AH00098: pid file D:/xampp-windows-x64-7-3-30-0-VC15-installer (1).exe/xampp/apache/logs/httpd.pid overwritten -- Unclean shutdown of previous Apache run?
PHP:  syntax error, unexpected '(' in D:\xampp-windows-x64-7-3-30-0-VC15-installer (1).exe\xampp\php\php.ini on line 729
OT include an ID which matches the server name
[Mon Mar 13 20:29:02.437059 2023] [mpm_winnt:notice] [pid 16988:tid 468] AH00455: Apache/2.4.48 (Win64) OpenSSL/1.1.1l PHP/7.3.30 configured -- resuming normal operations
[Mon Mar 13 20:29:02.437059 2023] [mpm_winnt:notice] [pid 16988:tid 468] AH00456: Apache Lounge VC15 Server built: Aug 26 2021 11:15:15
[Mon Mar 13 20:29:02.438056 2023] [core:notice] [pid 16988:tid 468] AH00094: Command line: 'd:\\xampp-windows-x64-7-3-30-0-vc15-installer (1).exe\\xampp\\apache\\bin\\httpd.exe -d D:/xampp-windows-x64-7-3-30-0-VC15-installer (1).exe/xampp/apache'
[Mon Mar 13 20:29:02.456291 2023] [mpm_winnt:notice] [pid 16988:tid 468] AH00418: Parent: Created child process 24284
[Mon Mar 13 20:29:02.814363 2023] [ssl:warn] [pid 24284:tid 592] AH01909: www.example.com:443:0 server certificate does NOT include an ID which matches the server name
PHP:  syntax error, unexpected '(' in D:\xampp-windows-x64-7-3-30-0-VC15-installer (1).exe\xampp\php\php.ini on line 729
OT include an ID which matches the server name
[Mon Mar 13 20:29:02.872473 2023] [mpm_winnt:notice] [pid 24284:tid 592] AH00354: Child: Starting 150 worker threads.
[Tue Mar 14 23:49:13.360409 2023] [ssl:warn] [pid 17056:tid 600] AH01909: www.example.com:443:0 server certificate does NOT include an ID which matches the server name
[Tue Mar 14 23:49:13.388336 2023] [core:warn] [pid 17056:tid 600] AH00098: pid file D:/xampp-windows-x64-7-3-30-0-VC15-installer (1).exe/xampp/apache/logs/httpd.pid overwritten -- Unclean shutdown of previous Apache run?
PHP:  syntax error, unexpected '(' in D:\xampp-windows-x64-7-3-30-0-VC15-installer (1).exe\xampp\php\php.ini on line 729
OT include an ID which matches the server name
[Tue Mar 14 23:49:13.433764 2023] [mpm_winnt:notice] [pid 17056:tid 600] AH00455: Apache/2.4.48 (Win64) OpenSSL/1.1.1l PHP/7.3.30 configured -- resuming normal operations
[Tue Mar 14 23:49:13.433764 2023] [mpm_winnt:notice] [pid 17056:tid 600] AH00456: Apache Lounge VC15 Server built: Aug 26 2021 11:15:15
[Tue Mar 14 23:49:13.433764 2023] [core:notice] [pid 17056:tid 600] AH00094: Command line: 'd:\\xampp-windows-x64-7-3-30-0-vc15-installer (1).exe\\xampp\\apache\\bin\\httpd.exe -d D:/xampp-windows-x64-7-3-30-0-VC15-installer (1).exe/xampp/apache'
[Tue Mar 14 23:49:13.437753 2023] [mpm_winnt:notice] [pid 17056:tid 600] AH00418: Parent: Created child process 6568
[Tue Mar 14 23:49:13.992753 2023] [ssl:warn] [pid 6568:tid 616] AH01909: www.example.com:443:0 server certificate does NOT include an ID which matches the server name
PHP:  syntax error, unexpected '(' in D:\xampp-windows-x64-7-3-30-0-VC15-installer (1).exe\xampp\php\php.ini on line 729
T include an ID which matches the server name
[Tue Mar 14 23:49:14.033548 2023] [mpm_winnt:notice] [pid 6568:tid 616] AH00354: Child: Starting 150 worker threads.
[Wed Mar 15 07:49:55.719287 2023] [ssl:warn] [pid 7380:tid 592] AH01909: www.example.com:443:0 server certificate does NOT include an ID which matches the server name
[Wed Mar 15 07:49:55.766184 2023] [core:warn] [pid 7380:tid 592] AH00098: pid file D:/xampp-windows-x64-7-3-30-0-VC15-installer (1).exe/xampp/apache/logs/httpd.pid overwritten -- Unclean shutdown of previous Apache run?
PHP:  syntax error, unexpected '(' in D:\xampp-windows-x64-7-3-30-0-VC15-installer (1).exe\xampp\php\php.ini on line 729
T include an ID which matches the server name
[Wed Mar 15 07:49:55.766184 2023] [mpm_winnt:notice] [pid 7380:tid 592] AH00455: Apache/2.4.48 (Win64) OpenSSL/1.1.1l PHP/7.3.30 configured -- resuming normal operations
[Wed Mar 15 07:49:55.766184 2023] [mpm_winnt:notice] [pid 7380:tid 592] AH00456: Apache Lounge VC15 Server built: Aug 26 2021 11:15:15
[Wed Mar 15 07:49:55.766184 2023] [core:notice] [pid 7380:tid 592] AH00094: Command line: 'd:\\xampp-windows-x64-7-3-30-0-vc15-installer (1).exe\\xampp\\apache\\bin\\httpd.exe -d D:/xampp-windows-x64-7-3-30-0-VC15-installer (1).exe/xampp/apache'
[Wed Mar 15 07:49:55.781935 2023] [mpm_winnt:notice] [pid 7380:tid 592] AH00418: Parent: Created child process 14880
[Wed Mar 15 07:49:56.250413 2023] [ssl:warn] [pid 14880:tid 596] AH01909: www.example.com:443:0 server certificate does NOT include an ID which matches the server name
PHP:  syntax error, unexpected '(' in D:\xampp-windows-x64-7-3-30-0-VC15-installer (1).exe\xampp\php\php.ini on line 729
OT include an ID which matches the server name
[Wed Mar 15 07:49:56.281822 2023] [mpm_winnt:notice] [pid 14880:tid 596] AH00354: Child: Starting 150 worker threads.
[Wed Mar 15 07:51:56.843735 2023] [ssl:warn] [pid 8288:tid 596] AH01909: www.example.com:443:0 server certificate does NOT include an ID which matches the server name
[Wed Mar 15 07:51:56.902576 2023] [core:warn] [pid 8288:tid 596] AH00098: pid file D:/xampp-windows-x64-7-3-30-0-VC15-installer (1).exe/xampp/apache/logs/httpd.pid overwritten -- Unclean shutdown of previous Apache run?
PHP:  syntax error, unexpected '(' in D:\xampp-windows-x64-7-3-30-0-VC15-installer (1).exe\xampp\php\php.ini on line 729
T include an ID which matches the server name
[Wed Mar 15 07:51:56.911552 2023] [mpm_winnt:notice] [pid 8288:tid 596] AH00455: Apache/2.4.48 (Win64) OpenSSL/1.1.1l PHP/7.3.30 configured -- resuming normal operations
[Wed Mar 15 07:51:56.911552 2023] [mpm_winnt:notice] [pid 8288:tid 596] AH00456: Apache Lounge VC15 Server built: Aug 26 2021 11:15:15
[Wed Mar 15 07:51:56.911552 2023] [core:notice] [pid 8288:tid 596] AH00094: Command line: 'd:\\xampp-windows-x64-7-3-30-0-vc15-installer (1).exe\\xampp\\apache\\bin\\httpd.exe -d D:/xampp-windows-x64-7-3-30-0-VC15-installer (1).exe/xampp/apache'
[Wed Mar 15 07:51:56.915542 2023] [mpm_winnt:notice] [pid 8288:tid 596] AH00418: Parent: Created child process 12472
[Wed Mar 15 07:51:57.328456 2023] [ssl:warn] [pid 12472:tid 616] AH01909: www.example.com:443:0 server certificate does NOT include an ID which matches the server name
PHP:  syntax error, unexpected '(' in D:\xampp-windows-x64-7-3-30-0-VC15-installer (1).exe\xampp\php\php.ini on line 729
OT include an ID which matches the server name
[Wed Mar 15 07:51:57.409748 2023] [mpm_winnt:notice] [pid 12472:tid 616] AH00354: Child: Starting 150 worker threads.
[Thu Mar 16 09:03:16.986964 2023] [ssl:warn] [pid 8416:tid 700] AH01909: www.example.com:443:0 server certificate does NOT include an ID which matches the server name
[Thu Mar 16 09:03:17.018170 2023] [core:warn] [pid 8416:tid 700] AH00098: pid file D:/xampp-windows-x64-7-3-30-0-VC15-installer (1).exe/xampp/apache/logs/httpd.pid overwritten -- Unclean shutdown of previous Apache run?
PHP:  syntax error, unexpected '(' in D:\xampp-windows-x64-7-3-30-0-VC15-installer (1).exe\xampp\php\php.ini on line 729
T include an ID which matches the server name
[Thu Mar 16 09:03:17.033793 2023] [mpm_winnt:notice] [pid 8416:tid 700] AH00455: Apache/2.4.48 (Win64) OpenSSL/1.1.1l PHP/7.3.30 configured -- resuming normal operations
[Thu Mar 16 09:03:17.033793 2023] [mpm_winnt:notice] [pid 8416:tid 700] AH00456: Apache Lounge VC15 Server built: Aug 26 2021 11:15:15
[Thu Mar 16 09:03:17.033793 2023] [core:notice] [pid 8416:tid 700] AH00094: Command line: 'd:\\xampp-windows-x64-7-3-30-0-vc15-installer (1).exe\\xampp\\apache\\bin\\httpd.exe -d D:/xampp-windows-x64-7-3-30-0-VC15-installer (1).exe/xampp/apache'
[Thu Mar 16 09:03:17.033793 2023] [mpm_winnt:notice] [pid 8416:tid 700] AH00418: Parent: Created child process 8692
[Thu Mar 16 09:03:17.419966 2023] [ssl:warn] [pid 8692:tid 592] AH01909: www.example.com:443:0 server certificate does NOT include an ID which matches the server name
PHP:  syntax error, unexpected '(' in D:\xampp-windows-x64-7-3-30-0-VC15-installer (1).exe\xampp\php\php.ini on line 729
T include an ID which matches the server name
[Thu Mar 16 09:03:17.482487 2023] [mpm_winnt:notice] [pid 8692:tid 592] AH00354: Child: Starting 150 worker threads.
[Tue Mar 21 17:02:26.464019 2023] [ssl:warn] [pid 9252:tid 720] AH01909: www.example.com:443:0 server certificate does NOT include an ID which matches the server name
[Tue Mar 21 17:02:26.560552 2023] [core:warn] [pid 9252:tid 720] AH00098: pid file D:/xampp-windows-x64-7-3-30-0-VC15-installer (1).exe/xampp/apache/logs/httpd.pid overwritten -- Unclean shutdown of previous Apache run?
PHP:  syntax error, unexpected '(' in D:\xampp-windows-x64-7-3-30-0-VC15-installer (1).exe\xampp\php\php.ini on line 729
T include an ID which matches the server name
[Tue Mar 21 17:02:26.606556 2023] [mpm_winnt:notice] [pid 9252:tid 720] AH00455: Apache/2.4.48 (Win64) OpenSSL/1.1.1l PHP/7.3.30 configured -- resuming normal operations
[Tue Mar 21 17:02:26.606556 2023] [mpm_winnt:notice] [pid 9252:tid 720] AH00456: Apache Lounge VC15 Server built: Aug 26 2021 11:15:15
[Tue Mar 21 17:02:26.606556 2023] [core:notice] [pid 9252:tid 720] AH00094: Command line: 'd:\\xampp-windows-x64-7-3-30-0-vc15-installer (1).exe\\xampp\\apache\\bin\\httpd.exe -d D:/xampp-windows-x64-7-3-30-0-VC15-installer (1).exe/xampp/apache'
[Tue Mar 21 17:02:26.612539 2023] [mpm_winnt:notice] [pid 9252:tid 720] AH00418: Parent: Created child process 23456
[Tue Mar 21 17:02:26.975672 2023] [ssl:warn] [pid 23456:tid 392] AH01909: www.example.com:443:0 server certificate does NOT include an ID which matches the server name
PHP:  syntax error, unexpected '(' in D:\xampp-windows-x64-7-3-30-0-VC15-installer (1).exe\xampp\php\php.ini on line 729
OT include an ID which matches the server name
[Tue Mar 21 17:02:27.016576 2023] [mpm_winnt:notice] [pid 23456:tid 392] AH00354: Child: Starting 150 worker threads.
[Wed Mar 22 13:20:19.600922 2023] [ssl:warn] [pid 22696:tid 456] AH01909: www.example.com:443:0 server certificate does NOT include an ID which matches the server name
[Wed Mar 22 13:20:19.754456 2023] [core:warn] [pid 22696:tid 456] AH00098: pid file D:/xampp-windows-x64-7-3-30-0-VC15-installer (1).exe/xampp/apache/logs/httpd.pid overwritten -- Unclean shutdown of previous Apache run?
PHP:  syntax error, unexpected '(' in D:\xampp-windows-x64-7-3-30-0-VC15-installer (1).exe\xampp\php\php.ini on line 729
OT include an ID which matches the server name
[Wed Mar 22 13:20:19.815660 2023] [mpm_winnt:notice] [pid 22696:tid 456] AH00455: Apache/2.4.48 (Win64) OpenSSL/1.1.1l PHP/7.3.30 configured -- resuming normal operations
[Wed Mar 22 13:20:19.815660 2023] [mpm_winnt:notice] [pid 22696:tid 456] AH00456: Apache Lounge VC15 Server built: Aug 26 2021 11:15:15
[Wed Mar 22 13:20:19.815660 2023] [core:notice] [pid 22696:tid 456] AH00094: Command line: 'd:\\xampp-windows-x64-7-3-30-0-vc15-installer (1).exe\\xampp\\apache\\bin\\httpd.exe -d D:/xampp-windows-x64-7-3-30-0-VC15-installer (1).exe/xampp/apache'
[Wed Mar 22 13:20:19.829738 2023] [mpm_winnt:notice] [pid 22696:tid 456] AH00418: Parent: Created child process 11096
[Wed Mar 22 13:20:20.509526 2023] [ssl:warn] [pid 11096:tid 592] AH01909: www.example.com:443:0 server certificate does NOT include an ID which matches the server name
PHP:  syntax error, unexpected '(' in D:\xampp-windows-x64-7-3-30-0-VC15-installer (1).exe\xampp\php\php.ini on line 729
OT include an ID which matches the server name
[Wed Mar 22 13:20:20.606974 2023] [mpm_winnt:notice] [pid 11096:tid 592] AH00354: Child: Starting 150 worker threads.
[Sat Mar 25 13:55:47.596636 2023] [php7:warn] [pid 11096:tid 1868] [client ::1:54107] PHP Warning:  require(page/shopdetail.php): failed to open stream: No such file or directory in D:\\xampp-windows-x64-7-3-30-0-VC15-installer (1).exe\\xampp\\htdocs\\comestic\\index.php on line 34
[Sat Mar 25 13:55:47.650268 2023] [php7:error] [pid 11096:tid 1868] [client ::1:54107] PHP Fatal error:  require(): Failed opening required 'page/shopdetail.php' (include_path='D:\\xampp-windows-x64-7-3-30-0-VC15-installer ') in D:\\xampp-windows-x64-7-3-30-0-VC15-installer (1).exe\\xampp\\htdocs\\comestic\\index.php on line 34
[Mon Mar 27 13:55:23.397760 2023] [ssl:warn] [pid 15992:tid 608] AH01909: www.example.com:443:0 server certificate does NOT include an ID which matches the server name
[Mon Mar 27 13:55:23.510458 2023] [core:warn] [pid 15992:tid 608] AH00098: pid file D:/xampp-windows-x64-7-3-30-0-VC15-installer (1).exe/xampp/apache/logs/httpd.pid overwritten -- Unclean shutdown of previous Apache run?
PHP:  syntax error, unexpected '(' in D:\xampp-windows-x64-7-3-30-0-VC15-installer (1).exe\xampp\php\php.ini on line 729
OT include an ID which matches the server name
[Mon Mar 27 13:55:23.628471 2023] [mpm_winnt:notice] [pid 15992:tid 608] AH00455: Apache/2.4.48 (Win64) OpenSSL/1.1.1l PHP/7.3.30 configured -- resuming normal operations
[Mon Mar 27 13:55:23.628471 2023] [mpm_winnt:notice] [pid 15992:tid 608] AH00456: Apache Lounge VC15 Server built: Aug 26 2021 11:15:15
[Mon Mar 27 13:55:23.628471 2023] [core:notice] [pid 15992:tid 608] AH00094: Command line: 'd:\\xampp-windows-x64-7-3-30-0-vc15-installer (1).exe\\xampp\\apache\\bin\\httpd.exe -d D:/xampp-windows-x64-7-3-30-0-VC15-installer (1).exe/xampp/apache'
[Mon Mar 27 13:55:23.631669 2023] [mpm_winnt:notice] [pid 15992:tid 608] AH00418: Parent: Created child process 24244
[Mon Mar 27 13:55:24.077173 2023] [ssl:warn] [pid 24244:tid 588] AH01909: www.example.com:443:0 server certificate does NOT include an ID which matches the server name
PHP:  syntax error, unexpected '(' in D:\xampp-windows-x64-7-3-30-0-VC15-installer (1).exe\xampp\php\php.ini on line 729
OT include an ID which matches the server name
[Mon Mar 27 13:55:24.118657 2023] [mpm_winnt:notice] [pid 24244:tid 588] AH00354: Child: Starting 150 worker threads.
[Tue Mar 28 09:11:11.653751 2023] [ssl:warn] [pid 14912:tid 620] AH01909: www.example.com:443:0 server certificate does NOT include an ID which matches the server name
[Tue Mar 28 09:11:11.719576 2023] [core:warn] [pid 14912:tid 620] AH00098: pid file D:/xampp-windows-x64-7-3-30-0-VC15-installer (1).exe/xampp/apache/logs/httpd.pid overwritten -- Unclean shutdown of previous Apache run?
PHP:  syntax error, unexpected '(' in D:\xampp-windows-x64-7-3-30-0-VC15-installer (1).exe\xampp\php\php.ini on line 729
OT include an ID which matches the server name
[Tue Mar 28 09:11:11.735533 2023] [mpm_winnt:notice] [pid 14912:tid 620] AH00455: Apache/2.4.48 (Win64) OpenSSL/1.1.1l PHP/7.3.30 configured -- resuming normal operations
[Tue Mar 28 09:11:11.735533 2023] [mpm_winnt:notice] [pid 14912:tid 620] AH00456: Apache Lounge VC15 Server built: Aug 26 2021 11:15:15
[Tue Mar 28 09:11:11.735533 2023] [core:notice] [pid 14912:tid 620] AH00094: Command line: 'd:\\xampp-windows-x64-7-3-30-0-vc15-installer (1).exe\\xampp\\apache\\bin\\httpd.exe -d D:/xampp-windows-x64-7-3-30-0-VC15-installer (1).exe/xampp/apache'
[Tue Mar 28 09:11:11.738525 2023] [mpm_winnt:notice] [pid 14912:tid 620] AH00418: Parent: Created child process 3856
[Tue Mar 28 09:11:12.211081 2023] [ssl:warn] [pid 3856:tid 388] AH01909: www.example.com:443:0 server certificate does NOT include an ID which matches the server name
PHP:  syntax error, unexpected '(' in D:\xampp-windows-x64-7-3-30-0-VC15-installer (1).exe\xampp\php\php.ini on line 729
T include an ID which matches the server name
[Tue Mar 28 09:11:12.252091 2023] [mpm_winnt:notice] [pid 3856:tid 388] AH00354: Child: Starting 150 worker threads.
[Tue Mar 28 11:44:28.602546 2023] [php7:warn] [pid 3856:tid 1912] [client ::1:54834] PHP Warning:  require(page/sanpham.php): failed to open stream: No such file or directory in D:\\xampp-windows-x64-7-3-30-0-VC15-installer (1).exe\\xampp\\htdocs\\comestic\\index.php on line 34, referer: http://localhost/comestic/?p=giohang
[Tue Mar 28 11:44:28.603542 2023] [php7:error] [pid 3856:tid 1912] [client ::1:54834] PHP Fatal error:  require(): Failed opening required 'page/sanpham.php' (include_path='D:\\xampp-windows-x64-7-3-30-0-VC15-installer ') in D:\\xampp-windows-x64-7-3-30-0-VC15-installer (1).exe\\xampp\\htdocs\\comestic\\index.php on line 34, referer: http://localhost/comestic/?p=giohang
[Wed Mar 29 14:07:51.964825 2023] [ssl:warn] [pid 1080:tid 588] AH01909: www.example.com:443:0 server certificate does NOT include an ID which matches the server name
[Wed Mar 29 14:07:52.101359 2023] [core:warn] [pid 1080:tid 588] AH00098: pid file D:/xampp-windows-x64-7-3-30-0-VC15-installer (1).exe/xampp/apache/logs/httpd.pid overwritten -- Unclean shutdown of previous Apache run?
PHP:  syntax error, unexpected '(' in D:\xampp-windows-x64-7-3-30-0-VC15-installer (1).exe\xampp\php\php.ini on line 729
T include an ID which matches the server name
[Wed Mar 29 14:07:52.169350 2023] [mpm_winnt:notice] [pid 1080:tid 588] AH00455: Apache/2.4.48 (Win64) OpenSSL/1.1.1l PHP/7.3.30 configured -- resuming normal operations
[Wed Mar 29 14:07:52.169350 2023] [mpm_winnt:notice] [pid 1080:tid 588] AH00456: Apache Lounge VC15 Server built: Aug 26 2021 11:15:15
[Wed Mar 29 14:07:52.169350 2023] [core:notice] [pid 1080:tid 588] AH00094: Command line: 'd:\\xampp-windows-x64-7-3-30-0-vc15-installer (1).exe\\xampp\\apache\\bin\\httpd.exe -d D:/xampp-windows-x64-7-3-30-0-VC15-installer (1).exe/xampp/apache'
[Wed Mar 29 14:07:52.184960 2023] [mpm_winnt:notice] [pid 1080:tid 588] AH00418: Parent: Created child process 15736
[Wed Mar 29 14:07:52.890229 2023] [ssl:warn] [pid 15736:tid 612] AH01909: www.example.com:443:0 server certificate does NOT include an ID which matches the server name
PHP:  syntax error, unexpected '(' in D:\xampp-windows-x64-7-3-30-0-VC15-installer (1).exe\xampp\php\php.ini on line 729
OT include an ID which matches the server name
[Wed Mar 29 14:07:52.991863 2023] [mpm_winnt:notice] [pid 15736:tid 612] AH00354: Child: Starting 150 worker threads.
[Wed Mar 29 22:51:00.849778 2023] [ssl:warn] [pid 10332:tid 684] AH01909: www.example.com:443:0 server certificate does NOT include an ID which matches the server name
[Wed Mar 29 22:51:00.959211 2023] [core:warn] [pid 10332:tid 684] AH00098: pid file D:/xampp-windows-x64-7-3-30-0-VC15-installer (1).exe/xampp/apache/logs/httpd.pid overwritten -- Unclean shutdown of previous Apache run?
PHP:  syntax error, unexpected '(' in D:\xampp-windows-x64-7-3-30-0-VC15-installer (1).exe\xampp\php\php.ini on line 729
OT include an ID which matches the server name
[Wed Mar 29 22:51:01.005969 2023] [mpm_winnt:notice] [pid 10332:tid 684] AH00455: Apache/2.4.48 (Win64) OpenSSL/1.1.1l PHP/7.3.30 configured -- resuming normal operations
[Wed Mar 29 22:51:01.005969 2023] [mpm_winnt:notice] [pid 10332:tid 684] AH00456: Apache Lounge VC15 Server built: Aug 26 2021 11:15:15
[Wed Mar 29 22:51:01.005969 2023] [core:notice] [pid 10332:tid 684] AH00094: Command line: 'd:\\xampp-windows-x64-7-3-30-0-vc15-installer (1).exe\\xampp\\apache\\bin\\httpd.exe -d D:/xampp-windows-x64-7-3-30-0-VC15-installer (1).exe/xampp/apache'
[Wed Mar 29 22:51:01.021587 2023] [mpm_winnt:notice] [pid 10332:tid 684] AH00418: Parent: Created child process 11864
[Wed Mar 29 22:51:01.365320 2023] [ssl:warn] [pid 11864:tid 596] AH01909: www.example.com:443:0 server certificate does NOT include an ID which matches the server name
PHP:  syntax error, unexpected '(' in D:\xampp-windows-x64-7-3-30-0-VC15-installer (1).exe\xampp\php\php.ini on line 729
OT include an ID which matches the server name
[Wed Mar 29 22:51:01.412283 2023] [mpm_winnt:notice] [pid 11864:tid 596] AH00354: Child: Starting 150 worker threads.
[Thu Mar 30 08:39:07.552567 2023] [ssl:warn] [pid 5008:tid 616] AH01909: www.example.com:443:0 server certificate does NOT include an ID which matches the server name
[Thu Mar 30 08:39:07.646464 2023] [core:warn] [pid 5008:tid 616] AH00098: pid file D:/xampp-windows-x64-7-3-30-0-VC15-installer (1).exe/xampp/apache/logs/httpd.pid overwritten -- Unclean shutdown of previous Apache run?
PHP:  syntax error, unexpected '(' in D:\xampp-windows-x64-7-3-30-0-VC15-installer (1).exe\xampp\php\php.ini on line 729
T include an ID which matches the server name
[Thu Mar 30 08:39:07.677537 2023] [mpm_winnt:notice] [pid 5008:tid 616] AH00455: Apache/2.4.48 (Win64) OpenSSL/1.1.1l PHP/7.3.30 configured -- resuming normal operations
[Thu Mar 30 08:39:07.677537 2023] [mpm_winnt:notice] [pid 5008:tid 616] AH00456: Apache Lounge VC15 Server built: Aug 26 2021 11:15:15
[Thu Mar 30 08:39:07.677537 2023] [core:notice] [pid 5008:tid 616] AH00094: Command line: 'd:\\xampp-windows-x64-7-3-30-0-vc15-installer (1).exe\\xampp\\apache\\bin\\httpd.exe -d D:/xampp-windows-x64-7-3-30-0-VC15-installer (1).exe/xampp/apache'
[Thu Mar 30 08:39:07.677537 2023] [mpm_winnt:notice] [pid 5008:tid 616] AH00418: Parent: Created child process 11988
[Thu Mar 30 08:39:08.036828 2023] [ssl:warn] [pid 11988:tid 604] AH01909: www.example.com:443:0 server certificate does NOT include an ID which matches the server name
PHP:  syntax error, unexpected '(' in D:\xampp-windows-x64-7-3-30-0-VC15-installer (1).exe\xampp\php\php.ini on line 729
OT include an ID which matches the server name
[Thu Mar 30 08:39:08.099313 2023] [mpm_winnt:notice] [pid 11988:tid 604] AH00354: Child: Starting 150 worker threads.
[Thu Mar 30 13:45:42.949854 2023] [php7:error] [pid 11988:tid 1868] [client ::1:53464] PHP Parse error:  syntax error, unexpected '.' in D:\\xampp-windows-x64-7-3-30-0-VC15-installer (1).exe\\xampp\\htdocs\\logistic\\index.php on line 30, referer: http://localhost/logistic/?p=dangnhap
[Thu Mar 30 13:45:46.327713 2023] [php7:error] [pid 11988:tid 1868] [client ::1:53464] PHP Parse error:  syntax error, unexpected '.' in D:\\xampp-windows-x64-7-3-30-0-VC15-installer (1).exe\\xampp\\htdocs\\logistic\\index.php on line 30, referer: http://localhost/logistic/?p=dangnhap
[Thu Mar 30 18:04:38.134328 2023] [php7:warn] [pid 11988:tid 1872] [client ::1:56237] PHP Warning:  require(page/dichvuchinhsach.php): failed to open stream: No such file or directory in D:\\xampp-windows-x64-7-3-30-0-VC15-installer (1).exe\\xampp\\htdocs\\logistic\\index.php on line 32
[Thu Mar 30 18:04:38.134328 2023] [php7:error] [pid 11988:tid 1872] [client ::1:56237] PHP Fatal error:  require(): Failed opening required 'page/dichvuchinhsach.php' (include_path='D:\\xampp-windows-x64-7-3-30-0-VC15-installer ') in D:\\xampp-windows-x64-7-3-30-0-VC15-installer (1).exe\\xampp\\htdocs\\logistic\\index.php on line 32
[Fri Mar 31 19:24:50.054833 2023] [php7:warn] [pid 11988:tid 1864] [client ::1:62377] PHP Warning:  require(page/trcuoc.php): failed to open stream: No such file or directory in D:\\xampp-windows-x64-7-3-30-0-VC15-installer (1).exe\\xampp\\htdocs\\logistic\\index.php on line 32
[Fri Mar 31 19:24:50.095725 2023] [php7:error] [pid 11988:tid 1864] [client ::1:62377] PHP Fatal error:  require(): Failed opening required 'page/trcuoc.php' (include_path='D:\\xampp-windows-x64-7-3-30-0-VC15-installer ') in D:\\xampp-windows-x64-7-3-30-0-VC15-installer (1).exe\\xampp\\htdocs\\logistic\\index.php on line 32
[Fri Mar 31 23:02:28.451571 2023] [php7:error] [pid 11988:tid 1868] [client ::1:63677] script 'D:/xampp-windows-x64-7-3-30-0-VC15-installer (1).exe/xampp/htdocs/logistic/public/demo/bg-banggia.php' not found or unable to stat, referer: http://localhost/logistic/css/style.css?version=1680278548
[Fri Mar 31 23:02:30.127038 2023] [php7:error] [pid 11988:tid 1868] [client ::1:63677] script 'D:/xampp-windows-x64-7-3-30-0-VC15-installer (1).exe/xampp/htdocs/logistic/public/demo/bg-banggia.php' not found or unable to stat, referer: http://localhost/logistic/css/style.css?version=1680278550
[Fri Mar 31 23:04:17.854750 2023] [php7:error] [pid 11988:tid 1868] [client ::1:63733] script 'D:/xampp-windows-x64-7-3-30-0-VC15-installer (1).exe/xampp/htdocs/logistic/public/demo/bg-banggia.php' not found or unable to stat, referer: http://localhost/logistic/css/style.css?version=1680278657
[Fri Mar 31 23:04:34.604058 2023] [php7:error] [pid 11988:tid 1868] [client ::1:63745] script 'D:/xampp-windows-x64-7-3-30-0-VC15-installer (1).exe/xampp/htdocs/logistic/public/demo/bg-price.php' not found or unable to stat, referer: http://localhost/logistic/css/style.css?version=1680278674
[Fri Mar 31 23:04:35.654832 2023] [php7:error] [pid 11988:tid 1868] [client ::1:63745] script 'D:/xampp-windows-x64-7-3-30-0-VC15-installer (1).exe/xampp/htdocs/logistic/public/demo/bg-price.php' not found or unable to stat, referer: http://localhost/logistic/css/style.css?version=1680278675
[Sat Apr 01 13:18:27.869592 2023] [ssl:warn] [pid 30428:tid 580] AH01909: www.example.com:443:0 server certificate does NOT include an ID which matches the server name
[Sat Apr 01 13:18:28.118426 2023] [core:warn] [pid 30428:tid 580] AH00098: pid file D:/xampp-windows-x64-7-3-30-0-VC15-installer (1).exe/xampp/apache/logs/httpd.pid overwritten -- Unclean shutdown of previous Apache run?
PHP:  syntax error, unexpected '(' in D:\xampp-windows-x64-7-3-30-0-VC15-installer (1).exe\xampp\php\php.ini on line 729
OT include an ID which matches the server name
[Sat Apr 01 13:18:28.264962 2023] [mpm_winnt:notice] [pid 30428:tid 580] AH00455: Apache/2.4.48 (Win64) OpenSSL/1.1.1l PHP/7.3.30 configured -- resuming normal operations
[Sat Apr 01 13:18:28.264962 2023] [mpm_winnt:notice] [pid 30428:tid 580] AH00456: Apache Lounge VC15 Server built: Aug 26 2021 11:15:15
[Sat Apr 01 13:18:28.264962 2023] [core:notice] [pid 30428:tid 580] AH00094: Command line: 'd:\\xampp-windows-x64-7-3-30-0-vc15-installer (1).exe\\xampp\\apache\\bin\\httpd.exe -d D:/xampp-windows-x64-7-3-30-0-VC15-installer (1).exe/xampp/apache'
[Sat Apr 01 13:18:28.276914 2023] [mpm_winnt:notice] [pid 30428:tid 580] AH00418: Parent: Created child process 23496
[Sat Apr 01 13:18:29.036986 2023] [ssl:warn] [pid 23496:tid 432] AH01909: www.example.com:443:0 server certificate does NOT include an ID which matches the server name
PHP:  syntax error, unexpected '(' in D:\xampp-windows-x64-7-3-30-0-VC15-installer (1).exe\xampp\php\php.ini on line 729
OT include an ID which matches the server name
[Sat Apr 01 13:18:29.130849 2023] [mpm_winnt:notice] [pid 23496:tid 432] AH00354: Child: Starting 150 worker threads.
[Sat Apr 01 22:43:37.754871 2023] [ssl:warn] [pid 9344:tid 628] AH01909: www.example.com:443:0 server certificate does NOT include an ID which matches the server name
[Sat Apr 01 22:43:37.787784 2023] [core:warn] [pid 9344:tid 628] AH00098: pid file D:/xampp-windows-x64-7-3-30-0-VC15-installer (1).exe/xampp/apache/logs/httpd.pid overwritten -- Unclean shutdown of previous Apache run?
PHP:  syntax error, unexpected '(' in D:\xampp-windows-x64-7-3-30-0-VC15-installer (1).exe\xampp\php\php.ini on line 729
T include an ID which matches the server name
[Sat Apr 01 22:43:37.822694 2023] [mpm_winnt:notice] [pid 9344:tid 628] AH00455: Apache/2.4.48 (Win64) OpenSSL/1.1.1l PHP/7.3.30 configured -- resuming normal operations
[Sat Apr 01 22:43:37.822694 2023] [mpm_winnt:notice] [pid 9344:tid 628] AH00456: Apache Lounge VC15 Server built: Aug 26 2021 11:15:15
[Sat Apr 01 22:43:37.822694 2023] [core:notice] [pid 9344:tid 628] AH00094: Command line: 'd:\\xampp-windows-x64-7-3-30-0-vc15-installer (1).exe\\xampp\\apache\\bin\\httpd.exe -d D:/xampp-windows-x64-7-3-30-0-VC15-installer (1).exe/xampp/apache'
[Sat Apr 01 22:43:37.827679 2023] [mpm_winnt:notice] [pid 9344:tid 628] AH00418: Parent: Created child process 29940
[Sat Apr 01 22:43:38.311892 2023] [ssl:warn] [pid 29940:tid 152] AH01909: www.example.com:443:0 server certificate does NOT include an ID which matches the server name
PHP:  syntax error, unexpected '(' in D:\xampp-windows-x64-7-3-30-0-VC15-installer (1).exe\xampp\php\php.ini on line 729
OT include an ID which matches the server name
[Sat Apr 01 22:43:38.352782 2023] [mpm_winnt:notice] [pid 29940:tid 152] AH00354: Child: Starting 150 worker threads.
[Sun Apr 02 10:08:44.887529 2023] [php7:warn] [pid 29940:tid 1876] [client ::1:57139] PHP Warning:  require(page/chuyenphathoatoc.php): failed to open stream: No such file or directory in D:\\xampp-windows-x64-7-3-30-0-VC15-installer (1).exe\\xampp\\htdocs\\logistic\\index.php on line 36
[Sun Apr 02 10:08:44.945372 2023] [php7:error] [pid 29940:tid 1876] [client ::1:57139] PHP Fatal error:  require(): Failed opening required 'page/chuyenphathoatoc.php' (include_path='D:\\xampp-windows-x64-7-3-30-0-VC15-installer ') in D:\\xampp-windows-x64-7-3-30-0-VC15-installer (1).exe\\xampp\\htdocs\\logistic\\index.php on line 36
[Thu Apr 06 18:02:50.630633 2023] [ssl:warn] [pid 11360:tid 580] AH01909: www.example.com:443:0 server certificate does NOT include an ID which matches the server name
[Thu Apr 06 18:02:50.730682 2023] [core:warn] [pid 11360:tid 580] AH00098: pid file D:/xampp-windows-x64-7-3-30-0-VC15-installer (1).exe/xampp/apache/logs/httpd.pid overwritten -- Unclean shutdown of previous Apache run?
PHP:  syntax error, unexpected '(' in D:\xampp-windows-x64-7-3-30-0-VC15-installer (1).exe\xampp\php\php.ini on line 729
OT include an ID which matches the server name
[Thu Apr 06 18:02:50.786498 2023] [mpm_winnt:notice] [pid 11360:tid 580] AH00455: Apache/2.4.48 (Win64) OpenSSL/1.1.1l PHP/7.3.30 configured -- resuming normal operations
[Thu Apr 06 18:02:50.786498 2023] [mpm_winnt:notice] [pid 11360:tid 580] AH00456: Apache Lounge VC15 Server built: Aug 26 2021 11:15:15
[Thu Apr 06 18:02:50.786498 2023] [core:notice] [pid 11360:tid 580] AH00094: Command line: 'd:\\xampp-windows-x64-7-3-30-0-vc15-installer (1).exe\\xampp\\apache\\bin\\httpd.exe -d D:/xampp-windows-x64-7-3-30-0-VC15-installer (1).exe/xampp/apache'
[Thu Apr 06 18:02:50.790488 2023] [mpm_winnt:notice] [pid 11360:tid 580] AH00418: Parent: Created child process 16352
[Thu Apr 06 18:02:51.151722 2023] [ssl:warn] [pid 16352:tid 580] AH01909: www.example.com:443:0 server certificate does NOT include an ID which matches the server name
PHP:  syntax error, unexpected '(' in D:\xampp-windows-x64-7-3-30-0-VC15-installer (1).exe\xampp\php\php.ini on line 729
OT include an ID which matches the server name
[Thu Apr 06 18:02:51.191471 2023] [mpm_winnt:notice] [pid 16352:tid 580] AH00354: Child: Starting 150 worker threads.
[Mon Apr 10 20:58:17.712049 2023] [php7:warn] [pid 16352:tid 1880] [client ::1:55022] PHP Warning:  require(page/lophocdetail.php): failed to open stream: No such file or directory in D:\\xampp-windows-x64-7-3-30-0-VC15-installer (1).exe\\xampp\\htdocs\\giasu\\index.php on line 34
[Mon Apr 10 20:58:17.751943 2023] [php7:error] [pid 16352:tid 1880] [client ::1:55022] PHP Fatal error:  require(): Failed opening required 'page/lophocdetail.php' (include_path='D:\\xampp-windows-x64-7-3-30-0-VC15-installer ') in D:\\xampp-windows-x64-7-3-30-0-VC15-installer (1).exe\\xampp\\htdocs\\giasu\\index.php on line 34
[Wed Apr 12 13:16:36.247338 2023] [ssl:warn] [pid 29048:tid 556] AH01909: www.example.com:443:0 server certificate does NOT include an ID which matches the server name
[Wed Apr 12 13:16:36.323467 2023] [core:warn] [pid 29048:tid 556] AH00098: pid file D:/xampp-windows-x64-7-3-30-0-VC15-installer (1).exe/xampp/apache/logs/httpd.pid overwritten -- Unclean shutdown of previous Apache run?
PHP:  syntax error, unexpected '(' in D:\xampp-windows-x64-7-3-30-0-VC15-installer (1).exe\xampp\php\php.ini on line 729
OT include an ID which matches the server name
[Wed Apr 12 13:16:36.419458 2023] [mpm_winnt:notice] [pid 29048:tid 556] AH00455: Apache/2.4.48 (Win64) OpenSSL/1.1.1l PHP/7.3.30 configured -- resuming normal operations
[Wed Apr 12 13:16:36.419458 2023] [mpm_winnt:notice] [pid 29048:tid 556] AH00456: Apache Lounge VC15 Server built: Aug 26 2021 11:15:15
[Wed Apr 12 13:16:36.419458 2023] [core:notice] [pid 29048:tid 556] AH00094: Command line: 'd:\\xampp-windows-x64-7-3-30-0-vc15-installer (1).exe\\xampp\\apache\\bin\\httpd.exe -d D:/xampp-windows-x64-7-3-30-0-VC15-installer (1).exe/xampp/apache'
[Wed Apr 12 13:16:36.423448 2023] [mpm_winnt:notice] [pid 29048:tid 556] AH00418: Parent: Created child process 23408
[Wed Apr 12 13:16:36.837845 2023] [ssl:warn] [pid 23408:tid 392] AH01909: www.example.com:443:0 server certificate does NOT include an ID which matches the server name
PHP:  syntax error, unexpected '(' in D:\xampp-windows-x64-7-3-30-0-VC15-installer (1).exe\xampp\php\php.ini on line 729
OT include an ID which matches the server name
[Wed Apr 12 13:16:36.892699 2023] [mpm_winnt:notice] [pid 23408:tid 392] AH00354: Child: Starting 150 worker threads.
[Fri Apr 14 18:47:03.332049 2023] [php7:warn] [pid 23408:tid 1888] [client ::1:52976] PHP Warning:  require(page/free.php): failed to open stream: No such file or directory in D:\\xampp-windows-x64-7-3-30-0-VC15-installer (1).exe\\xampp\\htdocs\\tour\\index.php on line 35
[Fri Apr 14 18:47:03.407812 2023] [php7:error] [pid 23408:tid 1888] [client ::1:52976] PHP Fatal error:  require(): Failed opening required 'page/free.php' (include_path='D:\\xampp-windows-x64-7-3-30-0-VC15-installer ') in D:\\xampp-windows-x64-7-3-30-0-VC15-installer (1).exe\\xampp\\htdocs\\tour\\index.php on line 35
[Fri Apr 14 18:47:30.950366 2023] [php7:warn] [pid 23408:tid 1888] [client ::1:53001] PHP Warning:  require(page/freeeasy.php): failed to open stream: No such file or directory in D:\\xampp-windows-x64-7-3-30-0-VC15-installer (1).exe\\xampp\\htdocs\\tour\\index.php on line 35
[Fri Apr 14 18:47:30.950366 2023] [php7:error] [pid 23408:tid 1888] [client ::1:53001] PHP Fatal error:  require(): Failed opening required 'page/freeeasy.php' (include_path='D:\\xampp-windows-x64-7-3-30-0-VC15-installer ') in D:\\xampp-windows-x64-7-3-30-0-VC15-installer (1).exe\\xampp\\htdocs\\tour\\index.php on line 35
[Sat Apr 15 10:27:46.629877 2023] [ssl:warn] [pid 4236:tid 712] AH01909: www.example.com:443:0 server certificate does NOT include an ID which matches the server name
[Sat Apr 15 10:27:46.848543 2023] [core:warn] [pid 4236:tid 712] AH00098: pid file D:/xampp-windows-x64-7-3-30-0-VC15-installer (1).exe/xampp/apache/logs/httpd.pid overwritten -- Unclean shutdown of previous Apache run?
PHP:  syntax error, unexpected '(' in D:\xampp-windows-x64-7-3-30-0-VC15-installer (1).exe\xampp\php\php.ini on line 729
T include an ID which matches the server name
[Sat Apr 15 10:27:46.895373 2023] [mpm_winnt:notice] [pid 4236:tid 712] AH00455: Apache/2.4.48 (Win64) OpenSSL/1.1.1l PHP/7.3.30 configured -- resuming normal operations
[Sat Apr 15 10:27:46.895373 2023] [mpm_winnt:notice] [pid 4236:tid 712] AH00456: Apache Lounge VC15 Server built: Aug 26 2021 11:15:15
[Sat Apr 15 10:27:46.895373 2023] [core:notice] [pid 4236:tid 712] AH00094: Command line: 'd:\\xampp-windows-x64-7-3-30-0-vc15-installer (1).exe\\xampp\\apache\\bin\\httpd.exe -d D:/xampp-windows-x64-7-3-30-0-VC15-installer (1).exe/xampp/apache'
[Sat Apr 15 10:27:46.895373 2023] [mpm_winnt:notice] [pid 4236:tid 712] AH00418: Parent: Created child process 8540
[Sat Apr 15 10:27:47.239178 2023] [ssl:warn] [pid 8540:tid 592] AH01909: www.example.com:443:0 server certificate does NOT include an ID which matches the server name
PHP:  syntax error, unexpected '(' in D:\xampp-windows-x64-7-3-30-0-VC15-installer (1).exe\xampp\php\php.ini on line 729
T include an ID which matches the server name
[Sat Apr 15 10:27:47.270283 2023] [mpm_winnt:notice] [pid 8540:tid 592] AH00354: Child: Starting 150 worker threads.
[Wed Apr 19 17:47:55.110618 2023] [ssl:warn] [pid 17200:tid 416] AH01909: www.example.com:443:0 server certificate does NOT include an ID which matches the server name
[Wed Apr 19 17:47:55.234342 2023] [core:warn] [pid 17200:tid 416] AH00098: pid file D:/xampp-windows-x64-7-3-30-0-VC15-installer (1).exe/xampp/apache/logs/httpd.pid overwritten -- Unclean shutdown of previous Apache run?
PHP:  syntax error, unexpected '(' in D:\xampp-windows-x64-7-3-30-0-VC15-installer (1).exe\xampp\php\php.ini on line 729
OT include an ID which matches the server name
[Wed Apr 19 17:47:55.367534 2023] [mpm_winnt:notice] [pid 17200:tid 416] AH00455: Apache/2.4.48 (Win64) OpenSSL/1.1.1l PHP/7.3.30 configured -- resuming normal operations
[Wed Apr 19 17:47:55.367534 2023] [mpm_winnt:notice] [pid 17200:tid 416] AH00456: Apache Lounge VC15 Server built: Aug 26 2021 11:15:15
[Wed Apr 19 17:47:55.367534 2023] [core:notice] [pid 17200:tid 416] AH00094: Command line: 'd:\\xampp-windows-x64-7-3-30-0-vc15-installer (1).exe\\xampp\\apache\\bin\\httpd.exe -d D:/xampp-windows-x64-7-3-30-0-VC15-installer (1).exe/xampp/apache'
[Wed Apr 19 17:47:55.377506 2023] [mpm_winnt:notice] [pid 17200:tid 416] AH00418: Parent: Created child process 13296
[Wed Apr 19 17:47:55.800248 2023] [ssl:warn] [pid 13296:tid 592] AH01909: www.example.com:443:0 server certificate does NOT include an ID which matches the server name
PHP:  syntax error, unexpected '(' in D:\xampp-windows-x64-7-3-30-0-VC15-installer (1).exe\xampp\php\php.ini on line 729
OT include an ID which matches the server name
[Wed Apr 19 17:47:55.884027 2023] [mpm_winnt:notice] [pid 13296:tid 592] AH00354: Child: Starting 150 worker threads.
[Thu Apr 20 09:40:00.294403 2023] [ssl:warn] [pid 10440:tid 604] AH01909: www.example.com:443:0 server certificate does NOT include an ID which matches the server name
[Thu Apr 20 09:40:00.513699 2023] [core:warn] [pid 10440:tid 604] AH00098: pid file D:/xampp-windows-x64-7-3-30-0-VC15-installer (1).exe/xampp/apache/logs/httpd.pid overwritten -- Unclean shutdown of previous Apache run?
PHP:  syntax error, unexpected '(' in D:\xampp-windows-x64-7-3-30-0-VC15-installer (1).exe\xampp\php\php.ini on line 729
OT include an ID which matches the server name
[Thu Apr 20 09:40:00.822280 2023] [mpm_winnt:notice] [pid 10440:tid 604] AH00455: Apache/2.4.48 (Win64) OpenSSL/1.1.1l PHP/7.3.30 configured -- resuming normal operations
[Thu Apr 20 09:40:00.822280 2023] [mpm_winnt:notice] [pid 10440:tid 604] AH00456: Apache Lounge VC15 Server built: Aug 26 2021 11:15:15
[Thu Apr 20 09:40:00.822280 2023] [core:notice] [pid 10440:tid 604] AH00094: Command line: 'd:\\xampp-windows-x64-7-3-30-0-vc15-installer (1).exe\\xampp\\apache\\bin\\httpd.exe -d D:/xampp-windows-x64-7-3-30-0-VC15-installer (1).exe/xampp/apache'
[Thu Apr 20 09:40:00.841641 2023] [mpm_winnt:notice] [pid 10440:tid 604] AH00418: Parent: Created child process 9528
[Thu Apr 20 09:40:01.478297 2023] [ssl:warn] [pid 9528:tid 592] AH01909: www.example.com:443:0 server certificate does NOT include an ID which matches the server name
PHP:  syntax error, unexpected '(' in D:\xampp-windows-x64-7-3-30-0-VC15-installer (1).exe\xampp\php\php.ini on line 729
T include an ID which matches the server name
[Thu Apr 20 09:40:01.601476 2023] [mpm_winnt:notice] [pid 9528:tid 592] AH00354: Child: Starting 150 worker threads.
[Thu Apr 20 16:02:44.501871 2023] [ssl:warn] [pid 13396:tid 600] AH01909: www.example.com:443:0 server certificate does NOT include an ID which matches the server name
[Thu Apr 20 16:02:44.591627 2023] [core:warn] [pid 13396:tid 600] AH00098: pid file D:/xampp-windows-x64-7-3-30-0-VC15-installer (1).exe/xampp/apache/logs/httpd.pid overwritten -- Unclean shutdown of previous Apache run?
PHP:  syntax error, unexpected '(' in D:\xampp-windows-x64-7-3-30-0-VC15-installer (1).exe\xampp\php\php.ini on line 729
OT include an ID which matches the server name
[Thu Apr 20 16:02:44.615050 2023] [mpm_winnt:notice] [pid 13396:tid 600] AH00455: Apache/2.4.48 (Win64) OpenSSL/1.1.1l PHP/7.3.30 configured -- resuming normal operations
[Thu Apr 20 16:02:44.615050 2023] [mpm_winnt:notice] [pid 13396:tid 600] AH00456: Apache Lounge VC15 Server built: Aug 26 2021 11:15:15
[Thu Apr 20 16:02:44.615050 2023] [core:notice] [pid 13396:tid 600] AH00094: Command line: 'd:\\xampp-windows-x64-7-3-30-0-vc15-installer (1).exe\\xampp\\apache\\bin\\httpd.exe -d D:/xampp-windows-x64-7-3-30-0-VC15-installer (1).exe/xampp/apache'
[Thu Apr 20 16:02:44.621082 2023] [mpm_winnt:notice] [pid 13396:tid 600] AH00418: Parent: Created child process 12832
[Thu Apr 20 16:02:45.221183 2023] [ssl:warn] [pid 12832:tid 584] AH01909: www.example.com:443:0 server certificate does NOT include an ID which matches the server name
PHP:  syntax error, unexpected '(' in D:\xampp-windows-x64-7-3-30-0-VC15-installer (1).exe\xampp\php\php.ini on line 729
OT include an ID which matches the server name
[Thu Apr 20 16:02:45.317048 2023] [mpm_winnt:notice] [pid 12832:tid 584] AH00354: Child: Starting 150 worker threads.
[Fri Apr 21 22:14:35.678419 2023] [ssl:warn] [pid 17168:tid 640] AH01909: www.example.com:443:0 server certificate does NOT include an ID which matches the server name
[Fri Apr 21 22:14:35.784003 2023] [core:warn] [pid 17168:tid 640] AH00098: pid file D:/xampp-windows-x64-7-3-30-0-VC15-installer (1).exe/xampp/apache/logs/httpd.pid overwritten -- Unclean shutdown of previous Apache run?
PHP:  syntax error, unexpected '(' in D:\xampp-windows-x64-7-3-30-0-VC15-installer (1).exe\xampp\php\php.ini on line 729
OT include an ID which matches the server name
[Fri Apr 21 22:14:35.893911 2023] [mpm_winnt:notice] [pid 17168:tid 640] AH00455: Apache/2.4.48 (Win64) OpenSSL/1.1.1l PHP/7.3.30 configured -- resuming normal operations
[Fri Apr 21 22:14:35.893911 2023] [mpm_winnt:notice] [pid 17168:tid 640] AH00456: Apache Lounge VC15 Server built: Aug 26 2021 11:15:15
[Fri Apr 21 22:14:35.893911 2023] [core:notice] [pid 17168:tid 640] AH00094: Command line: 'd:\\xampp-windows-x64-7-3-30-0-vc15-installer (1).exe\\xampp\\apache\\bin\\httpd.exe -d D:/xampp-windows-x64-7-3-30-0-VC15-installer (1).exe/xampp/apache'
[Fri Apr 21 22:14:35.901889 2023] [mpm_winnt:notice] [pid 17168:tid 640] AH00418: Parent: Created child process 14832
[Fri Apr 21 22:14:36.501033 2023] [ssl:warn] [pid 14832:tid 444] AH01909: www.example.com:443:0 server certificate does NOT include an ID which matches the server name
PHP:  syntax error, unexpected '(' in D:\xampp-windows-x64-7-3-30-0-VC15-installer (1).exe\xampp\php\php.ini on line 729
OT include an ID which matches the server name
[Fri Apr 21 22:14:36.568849 2023] [mpm_winnt:notice] [pid 14832:tid 444] AH00354: Child: Starting 150 worker threads.
[Sat Apr 22 11:29:49.524397 2023] [ssl:warn] [pid 11080:tid 660] AH01909: www.example.com:443:0 server certificate does NOT include an ID which matches the server name
[Sat Apr 22 11:29:49.587021 2023] [core:warn] [pid 11080:tid 660] AH00098: pid file D:/xampp-windows-x64-7-3-30-0-VC15-installer (1).exe/xampp/apache/logs/httpd.pid overwritten -- Unclean shutdown of previous Apache run?
PHP:  syntax error, unexpected '(' in D:\xampp-windows-x64-7-3-30-0-VC15-installer (1).exe\xampp\php\php.ini on line 729
OT include an ID which matches the server name
[Sat Apr 22 11:29:49.618094 2023] [mpm_winnt:notice] [pid 11080:tid 660] AH00455: Apache/2.4.48 (Win64) OpenSSL/1.1.1l PHP/7.3.30 configured -- resuming normal operations
[Sat Apr 22 11:29:49.618094 2023] [mpm_winnt:notice] [pid 11080:tid 660] AH00456: Apache Lounge VC15 Server built: Aug 26 2021 11:15:15
[Sat Apr 22 11:29:49.618094 2023] [core:notice] [pid 11080:tid 660] AH00094: Command line: 'd:\\xampp-windows-x64-7-3-30-0-vc15-installer (1).exe\\xampp\\apache\\bin\\httpd.exe -d D:/xampp-windows-x64-7-3-30-0-VC15-installer (1).exe/xampp/apache'
[Sat Apr 22 11:29:49.618094 2023] [mpm_winnt:notice] [pid 11080:tid 660] AH00418: Parent: Created child process 1220
[Sat Apr 22 11:29:49.977531 2023] [ssl:warn] [pid 1220:tid 596] AH01909: www.example.com:443:0 server certificate does NOT include an ID which matches the server name
PHP:  syntax error, unexpected '(' in D:\xampp-windows-x64-7-3-30-0-VC15-installer (1).exe\xampp\php\php.ini on line 729
T include an ID which matches the server name
[Sat Apr 22 11:29:50.024249 2023] [mpm_winnt:notice] [pid 1220:tid 596] AH00354: Child: Starting 150 worker threads.
[Sun Apr 23 09:36:22.017674 2023] [ssl:warn] [pid 9408:tid 604] AH01909: www.example.com:443:0 server certificate does NOT include an ID which matches the server name
[Sun Apr 23 09:36:22.239135 2023] [core:warn] [pid 9408:tid 604] AH00098: pid file D:/xampp-windows-x64-7-3-30-0-VC15-installer (1).exe/xampp/apache/logs/httpd.pid overwritten -- Unclean shutdown of previous Apache run?
PHP:  syntax error, unexpected '(' in D:\xampp-windows-x64-7-3-30-0-VC15-installer (1).exe\xampp\php\php.ini on line 729
T include an ID which matches the server name
[Sun Apr 23 09:36:22.292424 2023] [mpm_winnt:notice] [pid 9408:tid 604] AH00455: Apache/2.4.48 (Win64) OpenSSL/1.1.1l PHP/7.3.30 configured -- resuming normal operations
[Sun Apr 23 09:36:22.292424 2023] [mpm_winnt:notice] [pid 9408:tid 604] AH00456: Apache Lounge VC15 Server built: Aug 26 2021 11:15:15
[Sun Apr 23 09:36:22.292424 2023] [core:notice] [pid 9408:tid 604] AH00094: Command line: 'd:\\xampp-windows-x64-7-3-30-0-vc15-installer (1).exe\\xampp\\apache\\bin\\httpd.exe -d D:/xampp-windows-x64-7-3-30-0-VC15-installer (1).exe/xampp/apache'
[Sun Apr 23 09:36:22.308551 2023] [mpm_winnt:notice] [pid 9408:tid 604] AH00418: Parent: Created child process 12592
[Sun Apr 23 09:36:22.963114 2023] [ssl:warn] [pid 12592:tid 620] AH01909: www.example.com:443:0 server certificate does NOT include an ID which matches the server name
PHP:  syntax error, unexpected '(' in D:\xampp-windows-x64-7-3-30-0-VC15-installer (1).exe\xampp\php\php.ini on line 729
OT include an ID which matches the server name
[Sun Apr 23 09:36:23.155763 2023] [mpm_winnt:notice] [pid 12592:tid 620] AH00354: Child: Starting 150 worker threads.
[Mon Apr 24 14:10:33.478639 2023] [ssl:warn] [pid 668:tid 648] AH01909: www.example.com:443:0 server certificate does NOT include an ID which matches the server name
[Mon Apr 24 14:10:33.560465 2023] [core:warn] [pid 668:tid 648] AH00098: pid file D:/xampp-windows-x64-7-3-30-0-VC15-installer (1).exe/xampp/apache/logs/httpd.pid overwritten -- Unclean shutdown of previous Apache run?
PHP:  syntax error, unexpected '(' in D:\xampp-windows-x64-7-3-30-0-VC15-installer (1).exe\xampp\php\php.ini on line 729
 include an ID which matches the server name
[Mon Apr 24 14:10:33.575382 2023] [mpm_winnt:notice] [pid 668:tid 648] AH00455: Apache/2.4.48 (Win64) OpenSSL/1.1.1l PHP/7.3.30 configured -- resuming normal operations
[Mon Apr 24 14:10:33.575382 2023] [mpm_winnt:notice] [pid 668:tid 648] AH00456: Apache Lounge VC15 Server built: Aug 26 2021 11:15:15
[Mon Apr 24 14:10:33.575382 2023] [core:notice] [pid 668:tid 648] AH00094: Command line: 'd:\\xampp-windows-x64-7-3-30-0-vc15-installer (1).exe\\xampp\\apache\\bin\\httpd.exe -d D:/xampp-windows-x64-7-3-30-0-VC15-installer (1).exe/xampp/apache'
[Mon Apr 24 14:10:33.579370 2023] [mpm_winnt:notice] [pid 668:tid 648] AH00418: Parent: Created child process 13964
[Mon Apr 24 14:10:33.995256 2023] [ssl:warn] [pid 13964:tid 596] AH01909: www.example.com:443:0 server certificate does NOT include an ID which matches the server name
PHP:  syntax error, unexpected '(' in D:\xampp-windows-x64-7-3-30-0-VC15-installer (1).exe\xampp\php\php.ini on line 729
OT include an ID which matches the server name
[Mon Apr 24 14:10:34.040136 2023] [mpm_winnt:notice] [pid 13964:tid 596] AH00354: Child: Starting 150 worker threads.
[Tue Apr 25 16:01:00.155504 2023] [ssl:warn] [pid 9724:tid 700] AH01909: www.example.com:443:0 server certificate does NOT include an ID which matches the server name
[Tue Apr 25 16:01:00.223822 2023] [core:warn] [pid 9724:tid 700] AH00098: pid file D:/xampp-windows-x64-7-3-30-0-VC15-installer (1).exe/xampp/apache/logs/httpd.pid overwritten -- Unclean shutdown of previous Apache run?
PHP:  syntax error, unexpected '(' in D:\xampp-windows-x64-7-3-30-0-VC15-installer (1).exe\xampp\php\php.ini on line 729
T include an ID which matches the server name
[Tue Apr 25 16:01:00.343644 2023] [mpm_winnt:notice] [pid 9724:tid 700] AH00455: Apache/2.4.48 (Win64) OpenSSL/1.1.1l PHP/7.3.30 configured -- resuming normal operations
[Tue Apr 25 16:01:00.343644 2023] [mpm_winnt:notice] [pid 9724:tid 700] AH00456: Apache Lounge VC15 Server built: Aug 26 2021 11:15:15
[Tue Apr 25 16:01:00.343644 2023] [core:notice] [pid 9724:tid 700] AH00094: Command line: 'd:\\xampp-windows-x64-7-3-30-0-vc15-installer (1).exe\\xampp\\apache\\bin\\httpd.exe -d D:/xampp-windows-x64-7-3-30-0-VC15-installer (1).exe/xampp/apache'
[Tue Apr 25 16:01:00.343644 2023] [mpm_winnt:notice] [pid 9724:tid 700] AH00418: Parent: Created child process 7612
[Tue Apr 25 16:01:00.713652 2023] [ssl:warn] [pid 7612:tid 608] AH01909: www.example.com:443:0 server certificate does NOT include an ID which matches the server name
PHP:  syntax error, unexpected '(' in D:\xampp-windows-x64-7-3-30-0-VC15-installer (1).exe\xampp\php\php.ini on line 729
T include an ID which matches the server name
[Tue Apr 25 16:01:00.763659 2023] [mpm_winnt:notice] [pid 7612:tid 608] AH00354: Child: Starting 150 worker threads.
[Wed Apr 26 14:54:10.754127 2023] [ssl:warn] [pid 11892:tid 676] AH01909: www.example.com:443:0 server certificate does NOT include an ID which matches the server name
[Wed Apr 26 14:54:10.816731 2023] [core:warn] [pid 11892:tid 676] AH00098: pid file D:/xampp-windows-x64-7-3-30-0-VC15-installer (1).exe/xampp/apache/logs/httpd.pid overwritten -- Unclean shutdown of previous Apache run?
PHP:  syntax error, unexpected '(' in D:\xampp-windows-x64-7-3-30-0-VC15-installer (1).exe\xampp\php\php.ini on line 729
OT include an ID which matches the server name
[Wed Apr 26 14:54:10.863475 2023] [mpm_winnt:notice] [pid 11892:tid 676] AH00455: Apache/2.4.48 (Win64) OpenSSL/1.1.1l PHP/7.3.30 configured -- resuming normal operations
[Wed Apr 26 14:54:10.863475 2023] [mpm_winnt:notice] [pid 11892:tid 676] AH00456: Apache Lounge VC15 Server built: Aug 26 2021 11:15:15
[Wed Apr 26 14:54:10.863475 2023] [core:notice] [pid 11892:tid 676] AH00094: Command line: 'd:\\xampp-windows-x64-7-3-30-0-vc15-installer (1).exe\\xampp\\apache\\bin\\httpd.exe -d D:/xampp-windows-x64-7-3-30-0-VC15-installer (1).exe/xampp/apache'
[Wed Apr 26 14:54:10.863475 2023] [mpm_winnt:notice] [pid 11892:tid 676] AH00418: Parent: Created child process 7684
[Wed Apr 26 14:54:11.175884 2023] [ssl:warn] [pid 7684:tid 592] AH01909: www.example.com:443:0 server certificate does NOT include an ID which matches the server name
PHP:  syntax error, unexpected '(' in D:\xampp-windows-x64-7-3-30-0-VC15-installer (1).exe\xampp\php\php.ini on line 729
T include an ID which matches the server name
[Wed Apr 26 14:54:11.222734 2023] [mpm_winnt:notice] [pid 7684:tid 592] AH00354: Child: Starting 150 worker threads.
[Wed Apr 26 23:37:15.576937 2023] [ssl:warn] [pid 10120:tid 456] AH01909: www.example.com:443:0 server certificate does NOT include an ID which matches the server name
[Wed Apr 26 23:37:15.623802 2023] [core:warn] [pid 10120:tid 456] AH00098: pid file D:/xampp-windows-x64-7-3-30-0-VC15-installer (1).exe/xampp/apache/logs/httpd.pid overwritten -- Unclean shutdown of previous Apache run?
PHP:  syntax error, unexpected '(' in D:\xampp-windows-x64-7-3-30-0-VC15-installer (1).exe\xampp\php\php.ini on line 729
OT include an ID which matches the server name
[Wed Apr 26 23:37:15.639423 2023] [mpm_winnt:notice] [pid 10120:tid 456] AH00455: Apache/2.4.48 (Win64) OpenSSL/1.1.1l PHP/7.3.30 configured -- resuming normal operations
[Wed Apr 26 23:37:15.639423 2023] [mpm_winnt:notice] [pid 10120:tid 456] AH00456: Apache Lounge VC15 Server built: Aug 26 2021 11:15:15
[Wed Apr 26 23:37:15.639423 2023] [core:notice] [pid 10120:tid 456] AH00094: Command line: 'd:\\xampp-windows-x64-7-3-30-0-vc15-installer (1).exe\\xampp\\apache\\bin\\httpd.exe -d D:/xampp-windows-x64-7-3-30-0-VC15-installer (1).exe/xampp/apache'
[Wed Apr 26 23:37:15.639423 2023] [mpm_winnt:notice] [pid 10120:tid 456] AH00418: Parent: Created child process 11208
[Wed Apr 26 23:37:16.013195 2023] [ssl:warn] [pid 11208:tid 404] AH01909: www.example.com:443:0 server certificate does NOT include an ID which matches the server name
PHP:  syntax error, unexpected '(' in D:\xampp-windows-x64-7-3-30-0-VC15-installer (1).exe\xampp\php\php.ini on line 729
OT include an ID which matches the server name
[Wed Apr 26 23:37:16.075657 2023] [mpm_winnt:notice] [pid 11208:tid 404] AH00354: Child: Starting 150 worker threads.
[Fri Apr 28 10:02:28.232196 2023] [ssl:warn] [pid 5960:tid 612] AH01909: www.example.com:443:0 server certificate does NOT include an ID which matches the server name
[Fri Apr 28 10:02:28.372753 2023] [core:warn] [pid 5960:tid 612] AH00098: pid file D:/xampp-windows-x64-7-3-30-0-VC15-installer (1).exe/xampp/apache/logs/httpd.pid overwritten -- Unclean shutdown of previous Apache run?
PHP:  syntax error, unexpected '(' in D:\xampp-windows-x64-7-3-30-0-VC15-installer (1).exe\xampp\php\php.ini on line 729
T include an ID which matches the server name
[Fri Apr 28 10:02:28.435238 2023] [mpm_winnt:notice] [pid 5960:tid 612] AH00455: Apache/2.4.48 (Win64) OpenSSL/1.1.1l PHP/7.3.30 configured -- resuming normal operations
[Fri Apr 28 10:02:28.435238 2023] [mpm_winnt:notice] [pid 5960:tid 612] AH00456: Apache Lounge VC15 Server built: Aug 26 2021 11:15:15
[Fri Apr 28 10:02:28.435238 2023] [core:notice] [pid 5960:tid 612] AH00094: Command line: 'd:\\xampp-windows-x64-7-3-30-0-vc15-installer (1).exe\\xampp\\apache\\bin\\httpd.exe -d D:/xampp-windows-x64-7-3-30-0-VC15-installer (1).exe/xampp/apache'
[Fri Apr 28 10:02:28.435238 2023] [mpm_winnt:notice] [pid 5960:tid 612] AH00418: Parent: Created child process 1836
[Fri Apr 28 10:02:29.091434 2023] [ssl:warn] [pid 1836:tid 612] AH01909: www.example.com:443:0 server certificate does NOT include an ID which matches the server name
PHP:  syntax error, unexpected '(' in D:\xampp-windows-x64-7-3-30-0-VC15-installer (1).exe\xampp\php\php.ini on line 729
T include an ID which matches the server name
[Fri Apr 28 10:02:29.294411 2023] [mpm_winnt:notice] [pid 1836:tid 612] AH00354: Child: Starting 150 worker threads.
[Fri Apr 28 13:27:17.383330 2023] [ssl:warn] [pid 7576:tid 592] AH01909: www.example.com:443:0 server certificate does NOT include an ID which matches the server name
[Fri Apr 28 13:27:17.527138 2023] [core:warn] [pid 7576:tid 592] AH00098: pid file D:/xampp-windows-x64-7-3-30-0-VC15-installer (1).exe/xampp/apache/logs/httpd.pid overwritten -- Unclean shutdown of previous Apache run?
PHP:  syntax error, unexpected '(' in D:\xampp-windows-x64-7-3-30-0-VC15-installer (1).exe\xampp\php\php.ini on line 729
T include an ID which matches the server name
[Fri Apr 28 13:27:17.562544 2023] [mpm_winnt:notice] [pid 7576:tid 592] AH00455: Apache/2.4.48 (Win64) OpenSSL/1.1.1l PHP/7.3.30 configured -- resuming normal operations
[Fri Apr 28 13:27:17.562544 2023] [mpm_winnt:notice] [pid 7576:tid 592] AH00456: Apache Lounge VC15 Server built: Aug 26 2021 11:15:15
[Fri Apr 28 13:27:17.562544 2023] [core:notice] [pid 7576:tid 592] AH00094: Command line: 'd:\\xampp-windows-x64-7-3-30-0-vc15-installer (1).exe\\xampp\\apache\\bin\\httpd.exe -d D:/xampp-windows-x64-7-3-30-0-VC15-installer (1).exe/xampp/apache'
[Fri Apr 28 13:27:17.579116 2023] [mpm_winnt:notice] [pid 7576:tid 592] AH00418: Parent: Created child process 11632
[Fri Apr 28 13:27:18.222773 2023] [ssl:warn] [pid 11632:tid 592] AH01909: www.example.com:443:0 server certificate does NOT include an ID which matches the server name
PHP:  syntax error, unexpected '(' in D:\xampp-windows-x64-7-3-30-0-VC15-installer (1).exe\xampp\php\php.ini on line 729
OT include an ID which matches the server name
[Fri Apr 28 13:27:18.344687 2023] [mpm_winnt:notice] [pid 11632:tid 592] AH00354: Child: Starting 150 worker threads.
[Mon May 01 23:02:21.266956 2023] [ssl:warn] [pid 15380:tid 644] AH01909: www.example.com:443:0 server certificate does NOT include an ID which matches the server name
[Mon May 01 23:02:21.359681 2023] [core:warn] [pid 15380:tid 644] AH00098: pid file D:/xampp-windows-x64-7-3-30-0-VC15-installer (1).exe/xampp/apache/logs/httpd.pid overwritten -- Unclean shutdown of previous Apache run?
PHP:  syntax error, unexpected '(' in D:\xampp-windows-x64-7-3-30-0-VC15-installer (1).exe\xampp\php\php.ini on line 729
OT include an ID which matches the server name
[Mon May 01 23:02:21.428524 2023] [mpm_winnt:notice] [pid 15380:tid 644] AH00455: Apache/2.4.48 (Win64) OpenSSL/1.1.1l PHP/7.3.30 configured -- resuming normal operations
[Mon May 01 23:02:21.428524 2023] [mpm_winnt:notice] [pid 15380:tid 644] AH00456: Apache Lounge VC15 Server built: Aug 26 2021 11:15:15
[Mon May 01 23:02:21.428524 2023] [core:notice] [pid 15380:tid 644] AH00094: Command line: 'd:\\xampp-windows-x64-7-3-30-0-vc15-installer (1).exe\\xampp\\apache\\bin\\httpd.exe -d D:/xampp-windows-x64-7-3-30-0-VC15-installer (1).exe/xampp/apache'
[Mon May 01 23:02:21.435473 2023] [mpm_winnt:notice] [pid 15380:tid 644] AH00418: Parent: Created child process 16668
[Mon May 01 23:02:21.844383 2023] [ssl:warn] [pid 16668:tid 592] AH01909: www.example.com:443:0 server certificate does NOT include an ID which matches the server name
PHP:  syntax error, unexpected '(' in D:\xampp-windows-x64-7-3-30-0-VC15-installer (1).exe\xampp\php\php.ini on line 729
OT include an ID which matches the server name
[Mon May 01 23:02:21.886270 2023] [mpm_winnt:notice] [pid 16668:tid 592] AH00354: Child: Starting 150 worker threads.
[Sun May 07 22:37:39.962799 2023] [ssl:warn] [pid 11704:tid 648] AH01909: www.example.com:443:0 server certificate does NOT include an ID which matches the server name
[Sun May 07 22:37:40.150188 2023] [core:warn] [pid 11704:tid 648] AH00098: pid file D:/xampp-windows-x64-7-3-30-0-VC15-installer (1).exe/xampp/apache/logs/httpd.pid overwritten -- Unclean shutdown of previous Apache run?
PHP:  syntax error, unexpected '(' in D:\xampp-windows-x64-7-3-30-0-VC15-installer (1).exe\xampp\php\php.ini on line 729
OT include an ID which matches the server name
[Sun May 07 22:37:40.322094 2023] [mpm_winnt:notice] [pid 11704:tid 648] AH00455: Apache/2.4.48 (Win64) OpenSSL/1.1.1l PHP/7.3.30 configured -- resuming normal operations
[Sun May 07 22:37:40.322094 2023] [mpm_winnt:notice] [pid 11704:tid 648] AH00456: Apache Lounge VC15 Server built: Aug 26 2021 11:15:15
[Sun May 07 22:37:40.322094 2023] [core:notice] [pid 11704:tid 648] AH00094: Command line: 'd:\\xampp-windows-x64-7-3-30-0-vc15-installer (1).exe\\xampp\\apache\\bin\\httpd.exe -d D:/xampp-windows-x64-7-3-30-0-VC15-installer (1).exe/xampp/apache'
[Sun May 07 22:37:40.337546 2023] [mpm_winnt:notice] [pid 11704:tid 648] AH00418: Parent: Created child process 13112
[Sun May 07 22:37:40.681219 2023] [ssl:warn] [pid 13112:tid 592] AH01909: www.example.com:443:0 server certificate does NOT include an ID which matches the server name
PHP:  syntax error, unexpected '(' in D:\xampp-windows-x64-7-3-30-0-VC15-installer (1).exe\xampp\php\php.ini on line 729
OT include an ID which matches the server name
[Sun May 07 22:37:40.759324 2023] [mpm_winnt:notice] [pid 13112:tid 592] AH00354: Child: Starting 150 worker threads.
[Fri May 12 21:30:15.306435 2023] [ssl:warn] [pid 13400:tid 680] AH01909: www.example.com:443:0 server certificate does NOT include an ID which matches the server name
[Fri May 12 21:30:15.393784 2023] [core:warn] [pid 13400:tid 680] AH00098: pid file D:/xampp-windows-x64-7-3-30-0-VC15-installer (1).exe/xampp/apache/logs/httpd.pid overwritten -- Unclean shutdown of previous Apache run?
PHP:  syntax error, unexpected '(' in D:\xampp-windows-x64-7-3-30-0-VC15-installer (1).exe\xampp\php\php.ini on line 729
OT include an ID which matches the server name
[Fri May 12 21:30:15.522879 2023] [mpm_winnt:notice] [pid 13400:tid 680] AH00455: Apache/2.4.48 (Win64) OpenSSL/1.1.1l PHP/7.3.30 configured -- resuming normal operations
[Fri May 12 21:30:15.522879 2023] [mpm_winnt:notice] [pid 13400:tid 680] AH00456: Apache Lounge VC15 Server built: Aug 26 2021 11:15:15
[Fri May 12 21:30:15.522879 2023] [core:notice] [pid 13400:tid 680] AH00094: Command line: 'd:\\xampp-windows-x64-7-3-30-0-vc15-installer (1).exe\\xampp\\apache\\bin\\httpd.exe -d D:/xampp-windows-x64-7-3-30-0-VC15-installer (1).exe/xampp/apache'
[Fri May 12 21:30:15.526869 2023] [mpm_winnt:notice] [pid 13400:tid 680] AH00418: Parent: Created child process 1092
[Fri May 12 21:30:15.885637 2023] [ssl:warn] [pid 1092:tid 584] AH01909: www.example.com:443:0 server certificate does NOT include an ID which matches the server name
PHP:  syntax error, unexpected '(' in D:\xampp-windows-x64-7-3-30-0-VC15-installer (1).exe\xampp\php\php.ini on line 729
T include an ID which matches the server name
[Fri May 12 21:30:15.926108 2023] [mpm_winnt:notice] [pid 1092:tid 584] AH00354: Child: Starting 150 worker threads.
[Sat May 13 12:36:51.535989 2023] [ssl:warn] [pid 8520:tid 400] AH01909: www.example.com:443:0 server certificate does NOT include an ID which matches the server name
[Sat May 13 12:36:51.760291 2023] [core:warn] [pid 8520:tid 400] AH00098: pid file D:/xampp-windows-x64-7-3-30-0-VC15-installer (1).exe/xampp/apache/logs/httpd.pid overwritten -- Unclean shutdown of previous Apache run?
PHP:  syntax error, unexpected '(' in D:\xampp-windows-x64-7-3-30-0-VC15-installer (1).exe\xampp\php\php.ini on line 729
T include an ID which matches the server name
[Sat May 13 12:36:51.807158 2023] [mpm_winnt:notice] [pid 8520:tid 400] AH00455: Apache/2.4.48 (Win64) OpenSSL/1.1.1l PHP/7.3.30 configured -- resuming normal operations
[Sat May 13 12:36:51.807158 2023] [mpm_winnt:notice] [pid 8520:tid 400] AH00456: Apache Lounge VC15 Server built: Aug 26 2021 11:15:15
[Sat May 13 12:36:51.807158 2023] [core:notice] [pid 8520:tid 400] AH00094: Command line: 'd:\\xampp-windows-x64-7-3-30-0-vc15-installer (1).exe\\xampp\\apache\\bin\\httpd.exe -d D:/xampp-windows-x64-7-3-30-0-VC15-installer (1).exe/xampp/apache'
[Sat May 13 12:36:51.812145 2023] [mpm_winnt:notice] [pid 8520:tid 400] AH00418: Parent: Created child process 8628
[Sat May 13 12:36:52.304826 2023] [ssl:warn] [pid 8628:tid 592] AH01909: www.example.com:443:0 server certificate does NOT include an ID which matches the server name
PHP:  syntax error, unexpected '(' in D:\xampp-windows-x64-7-3-30-0-VC15-installer (1).exe\xampp\php\php.ini on line 729
T include an ID which matches the server name
[Sat May 13 12:36:52.380625 2023] [mpm_winnt:notice] [pid 8628:tid 592] AH00354: Child: Starting 150 worker threads.
[Sun May 14 11:50:22.094469 2023] [ssl:warn] [pid 9384:tid 644] AH01909: www.example.com:443:0 server certificate does NOT include an ID which matches the server name
[Sun May 14 11:50:22.188259 2023] [core:warn] [pid 9384:tid 644] AH00098: pid file D:/xampp-windows-x64-7-3-30-0-VC15-installer (1).exe/xampp/apache/logs/httpd.pid overwritten -- Unclean shutdown of previous Apache run?
PHP:  syntax error, unexpected '(' in D:\xampp-windows-x64-7-3-30-0-VC15-installer (1).exe\xampp\php\php.ini on line 729
T include an ID which matches the server name
[Sun May 14 11:50:22.203785 2023] [mpm_winnt:notice] [pid 9384:tid 644] AH00455: Apache/2.4.48 (Win64) OpenSSL/1.1.1l PHP/7.3.30 configured -- resuming normal operations
[Sun May 14 11:50:22.203785 2023] [mpm_winnt:notice] [pid 9384:tid 644] AH00456: Apache Lounge VC15 Server built: Aug 26 2021 11:15:15
[Sun May 14 11:50:22.203785 2023] [core:notice] [pid 9384:tid 644] AH00094: Command line: 'd:\\xampp-windows-x64-7-3-30-0-vc15-installer (1).exe\\xampp\\apache\\bin\\httpd.exe -d D:/xampp-windows-x64-7-3-30-0-VC15-installer (1).exe/xampp/apache'
[Sun May 14 11:50:22.203785 2023] [mpm_winnt:notice] [pid 9384:tid 644] AH00418: Parent: Created child process 6912
[Sun May 14 11:50:22.766188 2023] [ssl:warn] [pid 6912:tid 612] AH01909: www.example.com:443:0 server certificate does NOT include an ID which matches the server name
PHP:  syntax error, unexpected '(' in D:\xampp-windows-x64-7-3-30-0-VC15-installer (1).exe\xampp\php\php.ini on line 729
T include an ID which matches the server name
[Sun May 14 11:50:22.844259 2023] [mpm_winnt:notice] [pid 6912:tid 612] AH00354: Child: Starting 150 worker threads.
[Thu May 18 15:59:57.471252 2023] [ssl:warn] [pid 10492:tid 616] AH01909: www.example.com:443:0 server certificate does NOT include an ID which matches the server name
[Thu May 18 15:59:57.576945 2023] [core:warn] [pid 10492:tid 616] AH00098: pid file D:/xampp-windows-x64-7-3-30-0-VC15-installer (1).exe/xampp/apache/logs/httpd.pid overwritten -- Unclean shutdown of previous Apache run?
PHP:  syntax error, unexpected '(' in D:\xampp-windows-x64-7-3-30-0-VC15-installer (1).exe\xampp\php\php.ini on line 729
OT include an ID which matches the server name
[Thu May 18 15:59:57.613658 2023] [mpm_winnt:notice] [pid 10492:tid 616] AH00455: Apache/2.4.48 (Win64) OpenSSL/1.1.1l PHP/7.3.30 configured -- resuming normal operations
[Thu May 18 15:59:57.613658 2023] [mpm_winnt:notice] [pid 10492:tid 616] AH00456: Apache Lounge VC15 Server built: Aug 26 2021 11:15:15
[Thu May 18 15:59:57.613658 2023] [core:notice] [pid 10492:tid 616] AH00094: Command line: 'd:\\xampp-windows-x64-7-3-30-0-vc15-installer (1).exe\\xampp\\apache\\bin\\httpd.exe -d D:/xampp-windows-x64-7-3-30-0-VC15-installer (1).exe/xampp/apache'
[Thu May 18 15:59:57.616730 2023] [mpm_winnt:notice] [pid 10492:tid 616] AH00418: Parent: Created child process 6824
[Thu May 18 15:59:58.068401 2023] [ssl:warn] [pid 6824:tid 608] AH01909: www.example.com:443:0 server certificate does NOT include an ID which matches the server name
PHP:  syntax error, unexpected '(' in D:\xampp-windows-x64-7-3-30-0-VC15-installer (1).exe\xampp\php\php.ini on line 729
T include an ID which matches the server name
[Thu May 18 15:59:58.129823 2023] [mpm_winnt:notice] [pid 6824:tid 608] AH00354: Child: Starting 150 worker threads.
[Sat May 20 22:50:12.987093 2023] [ssl:warn] [pid 15180:tid 620] AH01909: www.example.com:443:0 server certificate does NOT include an ID which matches the server name
[Sat May 20 22:50:13.087568 2023] [core:warn] [pid 15180:tid 620] AH00098: pid file D:/xampp-windows-x64-7-3-30-0-VC15-installer (1).exe/xampp/apache/logs/httpd.pid overwritten -- Unclean shutdown of previous Apache run?
PHP:  syntax error, unexpected '(' in D:\xampp-windows-x64-7-3-30-0-VC15-installer (1).exe\xampp\php\php.ini on line 729
OT include an ID which matches the server name
[Sat May 20 22:50:13.181596 2023] [mpm_winnt:notice] [pid 15180:tid 620] AH00455: Apache/2.4.48 (Win64) OpenSSL/1.1.1l PHP/7.3.30 configured -- resuming normal operations
[Sat May 20 22:50:13.181596 2023] [mpm_winnt:notice] [pid 15180:tid 620] AH00456: Apache Lounge VC15 Server built: Aug 26 2021 11:15:15
[Sat May 20 22:50:13.181596 2023] [core:notice] [pid 15180:tid 620] AH00094: Command line: 'd:\\xampp-windows-x64-7-3-30-0-vc15-installer (1).exe\\xampp\\apache\\bin\\httpd.exe -d D:/xampp-windows-x64-7-3-30-0-VC15-installer (1).exe/xampp/apache'
[Sat May 20 22:50:13.184287 2023] [mpm_winnt:notice] [pid 15180:tid 620] AH00418: Parent: Created child process 11740
[Sat May 20 22:50:13.557292 2023] [ssl:warn] [pid 11740:tid 376] AH01909: www.example.com:443:0 server certificate does NOT include an ID which matches the server name
PHP:  syntax error, unexpected '(' in D:\xampp-windows-x64-7-3-30-0-VC15-installer (1).exe\xampp\php\php.ini on line 729
OT include an ID which matches the server name
[Sat May 20 22:50:13.610149 2023] [mpm_winnt:notice] [pid 11740:tid 376] AH00354: Child: Starting 150 worker threads.
[Mon May 29 21:10:13.181395 2023] [ssl:warn] [pid 15584:tid 628] AH01909: www.example.com:443:0 server certificate does NOT include an ID which matches the server name
[Mon May 29 21:10:13.285417 2023] [core:warn] [pid 15584:tid 628] AH00098: pid file D:/xampp-windows-x64-7-3-30-0-VC15-installer (1).exe/xampp/apache/logs/httpd.pid overwritten -- Unclean shutdown of previous Apache run?
PHP:  syntax error, unexpected '(' in D:\xampp-windows-x64-7-3-30-0-VC15-installer (1).exe\xampp\php\php.ini on line 729
OT include an ID which matches the server name
[Mon May 29 21:10:13.315290 2023] [mpm_winnt:notice] [pid 15584:tid 628] AH00455: Apache/2.4.48 (Win64) OpenSSL/1.1.1l PHP/7.3.30 configured -- resuming normal operations
[Mon May 29 21:10:13.315290 2023] [mpm_winnt:notice] [pid 15584:tid 628] AH00456: Apache Lounge VC15 Server built: Aug 26 2021 11:15:15
[Mon May 29 21:10:13.315290 2023] [core:notice] [pid 15584:tid 628] AH00094: Command line: 'd:\\xampp-windows-x64-7-3-30-0-vc15-installer (1).exe\\xampp\\apache\\bin\\httpd.exe -d D:/xampp-windows-x64-7-3-30-0-VC15-installer (1).exe/xampp/apache'
[Mon May 29 21:10:13.319248 2023] [mpm_winnt:notice] [pid 15584:tid 628] AH00418: Parent: Created child process 19288
[Mon May 29 21:10:13.666458 2023] [ssl:warn] [pid 19288:tid 580] AH01909: www.example.com:443:0 server certificate does NOT include an ID which matches the server name
PHP:  syntax error, unexpected '(' in D:\xampp-windows-x64-7-3-30-0-VC15-installer (1).exe\xampp\php\php.ini on line 729
OT include an ID which matches the server name
[Mon May 29 21:10:13.706632 2023] [mpm_winnt:notice] [pid 19288:tid 580] AH00354: Child: Starting 150 worker threads.
[Wed May 31 21:10:37.888205 2023] [ssl:warn] [pid 6504:tid 408] AH01909: www.example.com:443:0 server certificate does NOT include an ID which matches the server name
[Wed May 31 21:10:37.963747 2023] [core:warn] [pid 6504:tid 408] AH00098: pid file D:/xampp-windows-x64-7-3-30-0-VC15-installer (1).exe/xampp/apache/logs/httpd.pid overwritten -- Unclean shutdown of previous Apache run?
PHP:  syntax error, unexpected '(' in D:\xampp-windows-x64-7-3-30-0-VC15-installer (1).exe\xampp\php\php.ini on line 729
T include an ID which matches the server name
[Wed May 31 21:10:38.159636 2023] [mpm_winnt:notice] [pid 6504:tid 408] AH00455: Apache/2.4.48 (Win64) OpenSSL/1.1.1l PHP/7.3.30 configured -- resuming normal operations
[Wed May 31 21:10:38.159636 2023] [mpm_winnt:notice] [pid 6504:tid 408] AH00456: Apache Lounge VC15 Server built: Aug 26 2021 11:15:15
[Wed May 31 21:10:38.159636 2023] [core:notice] [pid 6504:tid 408] AH00094: Command line: 'd:\\xampp-windows-x64-7-3-30-0-vc15-installer (1).exe\\xampp\\apache\\bin\\httpd.exe -d D:/xampp-windows-x64-7-3-30-0-VC15-installer (1).exe/xampp/apache'
[Wed May 31 21:10:38.166583 2023] [mpm_winnt:notice] [pid 6504:tid 408] AH00418: Parent: Created child process 16104
[Wed May 31 21:10:40.100140 2023] [ssl:warn] [pid 16104:tid 616] AH01909: www.example.com:443:0 server certificate does NOT include an ID which matches the server name
PHP:  syntax error, unexpected '(' in D:\xampp-windows-x64-7-3-30-0-VC15-installer (1).exe\xampp\php\php.ini on line 729
OT include an ID which matches the server name
[Wed May 31 21:10:40.514561 2023] [mpm_winnt:notice] [pid 16104:tid 616] AH00354: Child: Starting 150 worker threads.
[Thu Jun 01 20:03:50.760928 2023] [ssl:warn] [pid 7804:tid 704] AH01909: www.example.com:443:0 server certificate does NOT include an ID which matches the server name
[Thu Jun 01 20:03:50.860592 2023] [core:warn] [pid 7804:tid 704] AH00098: pid file D:/xampp-windows-x64-7-3-30-0-VC15-installer (1).exe/xampp/apache/logs/httpd.pid overwritten -- Unclean shutdown of previous Apache run?
PHP:  syntax error, unexpected '(' in D:\xampp-windows-x64-7-3-30-0-VC15-installer (1).exe\xampp\php\php.ini on line 729
T include an ID which matches the server name
[Thu Jun 01 20:03:50.988580 2023] [mpm_winnt:notice] [pid 7804:tid 704] AH00455: Apache/2.4.48 (Win64) OpenSSL/1.1.1l PHP/7.3.30 configured -- resuming normal operations
[Thu Jun 01 20:03:50.988580 2023] [mpm_winnt:notice] [pid 7804:tid 704] AH00456: Apache Lounge VC15 Server built: Aug 26 2021 11:15:15
[Thu Jun 01 20:03:50.988580 2023] [core:notice] [pid 7804:tid 704] AH00094: Command line: 'd:\\xampp-windows-x64-7-3-30-0-vc15-installer (1).exe\\xampp\\apache\\bin\\httpd.exe -d D:/xampp-windows-x64-7-3-30-0-VC15-installer (1).exe/xampp/apache'
[Thu Jun 01 20:03:50.995038 2023] [mpm_winnt:notice] [pid 7804:tid 704] AH00418: Parent: Created child process 9248
[Thu Jun 01 20:03:51.920468 2023] [ssl:warn] [pid 9248:tid 592] AH01909: www.example.com:443:0 server certificate does NOT include an ID which matches the server name
PHP:  syntax error, unexpected '(' in D:\xampp-windows-x64-7-3-30-0-VC15-installer (1).exe\xampp\php\php.ini on line 729
T include an ID which matches the server name
[Thu Jun 01 20:03:52.051440 2023] [mpm_winnt:notice] [pid 9248:tid 592] AH00354: Child: Starting 150 worker threads.
[Thu Jun 01 23:21:40.875387 2023] [ssl:warn] [pid 8800:tid 592] AH01909: www.example.com:443:0 server certificate does NOT include an ID which matches the server name
[Thu Jun 01 23:21:41.011171 2023] [core:warn] [pid 8800:tid 592] AH00098: pid file D:/xampp-windows-x64-7-3-30-0-VC15-installer (1).exe/xampp/apache/logs/httpd.pid overwritten -- Unclean shutdown of previous Apache run?
PHP:  syntax error, unexpected '(' in D:\xampp-windows-x64-7-3-30-0-VC15-installer (1).exe\xampp\php\php.ini on line 729
T include an ID which matches the server name
[Thu Jun 01 23:21:41.246703 2023] [mpm_winnt:notice] [pid 8800:tid 592] AH00455: Apache/2.4.48 (Win64) OpenSSL/1.1.1l PHP/7.3.30 configured -- resuming normal operations
[Thu Jun 01 23:21:41.246703 2023] [mpm_winnt:notice] [pid 8800:tid 592] AH00456: Apache Lounge VC15 Server built: Aug 26 2021 11:15:15
[Thu Jun 01 23:21:41.246703 2023] [core:notice] [pid 8800:tid 592] AH00094: Command line: 'd:\\xampp-windows-x64-7-3-30-0-vc15-installer (1).exe\\xampp\\apache\\bin\\httpd.exe -d D:/xampp-windows-x64-7-3-30-0-VC15-installer (1).exe/xampp/apache'
[Thu Jun 01 23:21:41.252687 2023] [mpm_winnt:notice] [pid 8800:tid 592] AH00418: Parent: Created child process 1352
[Thu Jun 01 23:21:41.830658 2023] [ssl:warn] [pid 1352:tid 424] AH01909: www.example.com:443:0 server certificate does NOT include an ID which matches the server name
PHP:  syntax error, unexpected '(' in D:\xampp-windows-x64-7-3-30-0-VC15-installer (1).exe\xampp\php\php.ini on line 729
T include an ID which matches the server name
[Thu Jun 01 23:21:41.880485 2023] [mpm_winnt:notice] [pid 1352:tid 424] AH00354: Child: Starting 150 worker threads.
[Sun Jun 04 14:34:13.811920 2023] [ssl:warn] [pid 9856:tid 608] AH01909: www.example.com:443:0 server certificate does NOT include an ID which matches the server name
[Sun Jun 04 14:34:13.874546 2023] [core:warn] [pid 9856:tid 608] AH00098: pid file D:/xampp-windows-x64-7-3-30-0-VC15-installer (1).exe/xampp/apache/logs/httpd.pid overwritten -- Unclean shutdown of previous Apache run?
PHP:  syntax error, unexpected '(' in D:\xampp-windows-x64-7-3-30-0-VC15-installer (1).exe\xampp\php\php.ini on line 729
T include an ID which matches the server name
[Sun Jun 04 14:34:13.921236 2023] [mpm_winnt:notice] [pid 9856:tid 608] AH00455: Apache/2.4.48 (Win64) OpenSSL/1.1.1l PHP/7.3.30 configured -- resuming normal operations
[Sun Jun 04 14:34:13.921236 2023] [mpm_winnt:notice] [pid 9856:tid 608] AH00456: Apache Lounge VC15 Server built: Aug 26 2021 11:15:15
[Sun Jun 04 14:34:13.921236 2023] [core:notice] [pid 9856:tid 608] AH00094: Command line: 'd:\\xampp-windows-x64-7-3-30-0-vc15-installer (1).exe\\xampp\\apache\\bin\\httpd.exe -d D:/xampp-windows-x64-7-3-30-0-VC15-installer (1).exe/xampp/apache'
[Sun Jun 04 14:34:13.921236 2023] [mpm_winnt:notice] [pid 9856:tid 608] AH00418: Parent: Created child process 12416
[Sun Jun 04 14:34:14.265075 2023] [ssl:warn] [pid 12416:tid 588] AH01909: www.example.com:443:0 server certificate does NOT include an ID which matches the server name
PHP:  syntax error, unexpected '(' in D:\xampp-windows-x64-7-3-30-0-VC15-installer (1).exe\xampp\php\php.ini on line 729
OT include an ID which matches the server name
[Sun Jun 04 14:34:14.311935 2023] [mpm_winnt:notice] [pid 12416:tid 588] AH00354: Child: Starting 150 worker threads.
[Mon Jun 05 22:39:07.539156 2023] [ssl:warn] [pid 11468:tid 600] AH01909: www.example.com:443:0 server certificate does NOT include an ID which matches the server name
[Mon Jun 05 22:39:07.614412 2023] [core:warn] [pid 11468:tid 600] AH00098: pid file D:/xampp-windows-x64-7-3-30-0-VC15-installer (1).exe/xampp/apache/logs/httpd.pid overwritten -- Unclean shutdown of previous Apache run?
PHP:  syntax error, unexpected '(' in D:\xampp-windows-x64-7-3-30-0-VC15-installer (1).exe\xampp\php\php.ini on line 729
OT include an ID which matches the server name
[Mon Jun 05 22:39:07.723120 2023] [mpm_winnt:notice] [pid 11468:tid 600] AH00455: Apache/2.4.48 (Win64) OpenSSL/1.1.1l PHP/7.3.30 configured -- resuming normal operations
[Mon Jun 05 22:39:07.723120 2023] [mpm_winnt:notice] [pid 11468:tid 600] AH00456: Apache Lounge VC15 Server built: Aug 26 2021 11:15:15
[Mon Jun 05 22:39:07.723120 2023] [core:notice] [pid 11468:tid 600] AH00094: Command line: 'd:\\xampp-windows-x64-7-3-30-0-vc15-installer (1).exe\\xampp\\apache\\bin\\httpd.exe -d D:/xampp-windows-x64-7-3-30-0-VC15-installer (1).exe/xampp/apache'
[Mon Jun 05 22:39:07.730104 2023] [mpm_winnt:notice] [pid 11468:tid 600] AH00418: Parent: Created child process 1888
[Mon Jun 05 22:39:08.077415 2023] [ssl:warn] [pid 1888:tid 584] AH01909: www.example.com:443:0 server certificate does NOT include an ID which matches the server name
PHP:  syntax error, unexpected '(' in D:\xampp-windows-x64-7-3-30-0-VC15-installer (1).exe\xampp\php\php.ini on line 729
T include an ID which matches the server name
[Mon Jun 05 22:39:08.139099 2023] [mpm_winnt:notice] [pid 1888:tid 584] AH00354: Child: Starting 150 worker threads.
[Tue Jun 06 19:27:06.450138 2023] [ssl:warn] [pid 10220:tid 456] AH01909: www.example.com:443:0 server certificate does NOT include an ID which matches the server name
[Tue Jun 06 19:27:07.068370 2023] [core:warn] [pid 10220:tid 456] AH00098: pid file D:/xampp-windows-x64-7-3-30-0-VC15-installer (1).exe/xampp/apache/logs/httpd.pid overwritten -- Unclean shutdown of previous Apache run?
PHP:  syntax error, unexpected '(' in D:\xampp-windows-x64-7-3-30-0-VC15-installer (1).exe\xampp\php\php.ini on line 729
OT include an ID which matches the server name
[Tue Jun 06 19:27:07.286593 2023] [mpm_winnt:notice] [pid 10220:tid 456] AH00455: Apache/2.4.48 (Win64) OpenSSL/1.1.1l PHP/7.3.30 configured -- resuming normal operations
[Tue Jun 06 19:27:07.286593 2023] [mpm_winnt:notice] [pid 10220:tid 456] AH00456: Apache Lounge VC15 Server built: Aug 26 2021 11:15:15
[Tue Jun 06 19:27:07.286593 2023] [core:notice] [pid 10220:tid 456] AH00094: Command line: 'd:\\xampp-windows-x64-7-3-30-0-vc15-installer (1).exe\\xampp\\apache\\bin\\httpd.exe -d D:/xampp-windows-x64-7-3-30-0-VC15-installer (1).exe/xampp/apache'
[Tue Jun 06 19:27:07.290211 2023] [mpm_winnt:notice] [pid 10220:tid 456] AH00418: Parent: Created child process 4336
[Tue Jun 06 19:27:07.690015 2023] [ssl:warn] [pid 4336:tid 580] AH01909: www.example.com:443:0 server certificate does NOT include an ID which matches the server name
PHP:  syntax error, unexpected '(' in D:\xampp-windows-x64-7-3-30-0-VC15-installer (1).exe\xampp\php\php.ini on line 729
T include an ID which matches the server name
[Tue Jun 06 19:27:07.752823 2023] [mpm_winnt:notice] [pid 4336:tid 580] AH00354: Child: Starting 150 worker threads.
[Wed Jun 07 07:59:01.356982 2023] [ssl:warn] [pid 7232:tid 668] AH01909: www.example.com:443:0 server certificate does NOT include an ID which matches the server name
[Wed Jun 07 07:59:01.544493 2023] [core:warn] [pid 7232:tid 668] AH00098: pid file D:/xampp-windows-x64-7-3-30-0-VC15-installer (1).exe/xampp/apache/logs/httpd.pid overwritten -- Unclean shutdown of previous Apache run?
PHP:  syntax error, unexpected '(' in D:\xampp-windows-x64-7-3-30-0-VC15-installer (1).exe\xampp\php\php.ini on line 729
T include an ID which matches the server name
[Wed Jun 07 07:59:01.575673 2023] [mpm_winnt:notice] [pid 7232:tid 668] AH00455: Apache/2.4.48 (Win64) OpenSSL/1.1.1l PHP/7.3.30 configured -- resuming normal operations
[Wed Jun 07 07:59:01.575673 2023] [mpm_winnt:notice] [pid 7232:tid 668] AH00456: Apache Lounge VC15 Server built: Aug 26 2021 11:15:15
[Wed Jun 07 07:59:01.575673 2023] [core:notice] [pid 7232:tid 668] AH00094: Command line: 'd:\\xampp-windows-x64-7-3-30-0-vc15-installer (1).exe\\xampp\\apache\\bin\\httpd.exe -d D:/xampp-windows-x64-7-3-30-0-VC15-installer (1).exe/xampp/apache'
[Wed Jun 07 07:59:01.580860 2023] [mpm_winnt:notice] [pid 7232:tid 668] AH00418: Parent: Created child process 14048
[Wed Jun 07 07:59:01.919105 2023] [ssl:warn] [pid 14048:tid 556] AH01909: www.example.com:443:0 server certificate does NOT include an ID which matches the server name
PHP:  syntax error, unexpected '(' in D:\xampp-windows-x64-7-3-30-0-VC15-installer (1).exe\xampp\php\php.ini on line 729
OT include an ID which matches the server name
[Wed Jun 07 07:59:01.981589 2023] [mpm_winnt:notice] [pid 14048:tid 556] AH00354: Child: Starting 150 worker threads.
